#
# A fatal error has been detected by the Java Runtime Environment:
#
#  SIGSEGV (0xb) at pc=0x00000001246d1c3f, pid=36849, tid=4103
#
# JRE version: Java(TM) SE Runtime Environment (8.0_91-b14) (build 1.8.0_91-b14)
# Java VM: Java HotSpot(TM) 64-Bit Server VM (25.91-b14 mixed mode bsd-amd64 compressed oops)
# Problematic frame:
# C  [libnd4jcpu.dylib+0x344c3f]  _ZN9functions6reduce14ReduceFunctionIfE10execScalarIN7simdOps3MaxIfEEEEfPfPiS7_+0x56f
#
# Failed to write core dump. Core dumps have been disabled. To enable core dumping, try "ulimit -c unlimited" before starting Java again
#
# If you would like to submit a bug report, please visit:
#   http://bugreport.java.com/bugreport/crash.jsp
# The crash happened outside the Java Virtual Machine in native code.
# See problematic frame for where to report the bug.
#

---------------  T H R E A D  ---------------

Current thread (0x00007fc519360800):  JavaThread "pool-1-thread-1" [_thread_in_native, id=4103, stack(0x00007000021dd000,0x00007000022dd000)]

siginfo: si_signo: 11 (SIGSEGV), si_code: 1 (SEGV_MAPERR), si_addr: 0x00007fc51f900000

Registers:
RAX=0x0000000000000001, RBX=0x00007fc51f900000, RCX=0x00007000022dc0d4, RDX=0x0000000000000004
RSP=0x00007000022dc040, RBP=0x00007000022dc0d0, RSI=0x0000000000000001, RDI=0x00007000022dc150
R8 =0x0000000000000004, R9 =0x00007000022dc0d4, R10=0x0000000000000001, R11=0xfffff03ae6eeb044
R12=0x0000000000000002, R13=0x0000000000000001, R14=0x00007fc51b3f1100, R15=0x0000000000000008
RIP=0x00000001246d1c3f, EFLAGS=0x0000000000010206, ERR=0x0000000000000004
  TRAPNO=0x000000000000000e

Top of Stack: (sp=0x00007000022dc040)
0x00007000022dc040:   00000007af695e38 0000000700000000
0x00007000022dc050:   0000000000000001 00000001136ce55c
0x00007000022dc060:   00007000022dc0e8 00000001128f02bd
0x00007000022dc070:   00000001128f02bd 0000000000000001
0x00007000022dc080:   00000007af695e18 00000007af695e18
0x00007000022dc090:   0000000000000000 00000007af695e18
0x00007000022dc0a0:   0000000783380420 0000000783380420
0x00007000022dc0b0:   0000000123d41a02 0000000d022dc100
0x00007000022dc0c0:   00007000022dc148 00000001128f02bd
0x00007000022dc0d0:   0003f7e400000000 0000000000000001
0x00007000022dc0e0:   0000000783309b10 000000078002c110
0x00007000022dc0f0:   0000000000000000 00007000022dc2b0
0x00007000022dc100:   00007fc519360800 00007fc519360800
0x00007000022dc110:   00007000022dc140 00000001095302b6
0x00007000022dc120:   00007000022dc180 000000078002c110
0x00007000022dc130:   0000000000000000 00007000022dc2b0
0x00007000022dc140:   00007fc519360800 00007fc519360800
0x00007000022dc150:   0000000100000001 00000001095302b6
0x00007000022dc160:   00007000022dc1c0 0000000000000000
0x00007000022dc170:   000000006338a1a1 00007fc519360800
0x00007000022dc180:   00007000022dc1b0 000000010934dcc9
0x00007000022dc190:   00007fc519360800 00007fc519360800
0x00007000022dc1a0:   00000007c0001ef8 00007000022dc328
0x00007000022dc1b0:   00007000022dc200 0000000112a1c466
0x00007000022dc1c0:   000000078002c110 00000001136ce6e4
0x00007000022dc1d0:   000000006338467b 00007fc5193609f8
0x00007000022dc1e0:   00007fc51b626640 00007fc51b3f1100
0x00007000022dc1f0:   00007fc51f802070 00007fc51b638700
0x00007000022dc200:   00007fc51b552350 0000000121a9df83
0x00007000022dc210:   000000006338467b 0000000100000003
0x00007000022dc220:   00000007af696140 0000000123c703c8
0x00007000022dc230:   00007000022dc2d0 0000000000000000 

Instructions: (pc=0x00000001246d1c3f)
0x00000001246d1c1f:   41 5e 41 5f c3 66 66 66 2e 0f 1f 84 00 00 00 00
0x00000001246d1c2f:   00 48 63 f6 48 63 84 b4 10 01 00 00 48 8d 1c 83
0x00000001246d1c3f:   f3 0f 10 0b e9 58 ff ff ff bd 01 00 00 00 48 63
0x00000001246d1c4f:   05 70 5f 1d 00 41 83 ff 01 f3 0f 10 03 48 89 c2 

Register to memory mapping:

RAX=0x0000000000000001 is an unknown value
RBX=0x00007fc51f900000 is an unknown value
RCX=0x00007000022dc0d4 is pointing into the stack for thread: 0x00007fc519360800
RDX=0x0000000000000004 is an unknown value
RSP=0x00007000022dc040 is pointing into the stack for thread: 0x00007fc519360800
RBP=0x00007000022dc0d0 is pointing into the stack for thread: 0x00007fc519360800
RSI=0x0000000000000001 is an unknown value
RDI=0x00007000022dc150 is pointing into the stack for thread: 0x00007fc519360800
R8 =0x0000000000000004 is an unknown value
R9 =0x00007000022dc0d4 is pointing into the stack for thread: 0x00007fc519360800
R10=0x0000000000000001 is an unknown value
R11=0xfffff03ae6eeb044 is an unknown value
R12=0x0000000000000002 is an unknown value
R13=0x0000000000000001 is an unknown value
R14=0x00007fc51b3f1100 is an unknown value
R15=0x0000000000000008 is an unknown value


Stack: [0x00007000021dd000,0x00007000022dd000],  sp=0x00007000022dc040,  free space=1020k
Native frames: (J=compiled Java code, j=interpreted, Vv=VM code, C=native code)
C  [libnd4jcpu.dylib+0x344c3f]  _ZN9functions6reduce14ReduceFunctionIfE10execScalarIN7simdOps3MaxIfEEEEfPfPiS7_+0x56f
C  0x0000000000000001

Java frames: (J=compiled Java code, j=interpreted, Vv=VM code)
j  org.nd4j.nativeblas.Nd4jCpu$NativeOps.execReduceScalarFloat(Lorg/bytedeco/javacpp/PointerPointer;ILorg/bytedeco/javacpp/FloatPointer;Lorg/bytedeco/javacpp/IntPointer;Lorg/bytedeco/javacpp/FloatPointer;)F+0
j  org.nd4j.linalg.cpu.nativecpu.ops.NativeOpExecutioner.exec(Lorg/nd4j/linalg/api/ops/Accumulation;[I)Lorg/nd4j/linalg/api/ndarray/INDArray;+2848
j  org.nd4j.linalg.api.ndarray.BaseNDArray.max([I)Lorg/nd4j/linalg/api/ndarray/INDArray;+12
j  org.nd4j.linalg.factory.Nd4j.max(Lorg/nd4j/linalg/api/ndarray/INDArray;)Lorg/nd4j/linalg/api/ndarray/INDArray;+9
j  com.gifty.util.NaiveBayes$$anonfun$6$$anonfun$apply$7$$anonfun$apply$8$$anonfun$17.apply(Lscala/collection/Seq;)Lorg/nd4j/linalg/api/ndarray/INDArray;+22
j  com.gifty.util.NaiveBayes$$anonfun$6$$anonfun$apply$7$$anonfun$apply$8$$anonfun$17.apply(Ljava/lang/Object;)Ljava/lang/Object;+5
J 5874 C1 scala.util.Success$$anonfun$map$1.apply()Ljava/lang/Object; (17 bytes) @ 0x000000011324aa2c [0x000000011324a880+0x1ac]
J 5608 C1 scala.util.Try$.apply(Lscala/Function0;)Lscala/util/Try; (49 bytes) @ 0x000000011380964c [0x0000000113809500+0x14c]
J 5606 C1 scala.util.Success.map(Lscala/Function1;)Lscala/util/Try; (16 bytes) @ 0x000000011380db34 [0x000000011380d860+0x2d4]
J 5926 C1 scala.concurrent.Future$$anonfun$map$1.apply(Ljava/lang/Object;)Ljava/lang/Object; (9 bytes) @ 0x00000001138d21dc [0x00000001138d1f20+0x2bc]
J 5796 C1 scala.concurrent.impl.CallbackRunnable.run()V (74 bytes) @ 0x0000000112d88e34 [0x0000000112d88b80+0x2b4]
j  java.util.concurrent.ThreadPoolExecutor.runWorker(Ljava/util/concurrent/ThreadPoolExecutor$Worker;)V+95
j  java.util.concurrent.ThreadPoolExecutor$Worker.run()V+5
j  java.lang.Thread.run()V+11
v  ~StubRoutines::call_stub

---------------  P R O C E S S  ---------------

Java Threads: ( => current thread )
  0x00007fc51f10b000 JavaThread "AsyncExecutor.default-20" daemon [_thread_blocked, id=49923, stack(0x000070000561a000,0x000070000571a000)]
  0x00007fc51ec1b000 JavaThread "AsyncExecutor.default-19" daemon [_thread_blocked, id=49411, stack(0x0000700005517000,0x0000700005617000)]
  0x00007fc51eb98800 JavaThread "AsyncExecutor.default-18" daemon [_thread_blocked, id=48899, stack(0x0000700005414000,0x0000700005514000)]
  0x00007fc51daad800 JavaThread "AsyncExecutor.default-17" daemon [_thread_blocked, id=48387, stack(0x0000700005311000,0x0000700005411000)]
  0x00007fc51e5d8000 JavaThread "AsyncExecutor.default-16" daemon [_thread_blocked, id=47875, stack(0x000070000520e000,0x000070000530e000)]
  0x00007fc51f085800 JavaThread "AsyncExecutor.default-15" daemon [_thread_blocked, id=47363, stack(0x000070000510b000,0x000070000520b000)]
  0x00007fc51f087800 JavaThread "AsyncExecutor.default-14" daemon [_thread_blocked, id=46851, stack(0x0000700005008000,0x0000700005108000)]
  0x00007fc51f03e800 JavaThread "AsyncExecutor.default-13" daemon [_thread_blocked, id=29447, stack(0x0000700002f04000,0x0000700003004000)]
  0x00007fc51f085000 JavaThread "pool-1-thread-10" [_thread_in_native, id=40195, stack(0x0000700004340000,0x0000700004440000)]
  0x00007fc51e5d6800 JavaThread "pool-1-thread-9" [_thread_blocked, id=39683, stack(0x000070000423d000,0x000070000433d000)]
  0x00007fc51eba0000 JavaThread "pool-1-thread-8" [_thread_in_native, id=39171, stack(0x000070000413a000,0x000070000423a000)]
  0x00007fc51f084000 JavaThread "pool-1-thread-7" [_thread_in_native, id=38659, stack(0x0000700004037000,0x0000700004137000)]
  0x00007fc51d99e800 JavaThread "pool-1-thread-6" [_thread_blocked, id=38147, stack(0x0000700003f34000,0x0000700004034000)]
  0x00007fc51f083800 JavaThread "pool-1-thread-5" [_thread_blocked, id=37635, stack(0x0000700003e31000,0x0000700003f31000)]
  0x00007fc51e844000 JavaThread "AsyncExecutor.default-12" daemon [_thread_blocked, id=37123, stack(0x0000700003d2e000,0x0000700003e2e000)]
  0x00007fc51d99b000 JavaThread "AsyncExecutor.default-11" daemon [_thread_blocked, id=36611, stack(0x0000700003c2b000,0x0000700003d2b000)]
  0x00007fc51e34f800 JavaThread "AsyncExecutor.default-10" daemon [_thread_blocked, id=36099, stack(0x0000700003b28000,0x0000700003c28000)]
  0x00007fc51e64a800 JavaThread "AsyncExecutor.default-9" daemon [_thread_blocked, id=35587, stack(0x0000700003a25000,0x0000700003b25000)]
  0x00007fc51ece0000 JavaThread "AsyncExecutor.default-8" daemon [_thread_blocked, id=35075, stack(0x0000700003922000,0x0000700003a22000)]
  0x00007fc51e35e000 JavaThread "AsyncExecutor.default-7" daemon [_thread_blocked, id=34563, stack(0x000070000381f000,0x000070000391f000)]
  0x00007fc51e5dd800 JavaThread "AsyncExecutor.default-6" daemon [_thread_blocked, id=34051, stack(0x000070000371c000,0x000070000381c000)]
  0x00007fc51f042000 JavaThread "AsyncExecutor.default-5" daemon [_thread_blocked, id=33539, stack(0x0000700003619000,0x0000700003719000)]
  0x00007fc51ea16800 JavaThread "pool-1-thread-4" [_thread_blocked, id=33027, stack(0x0000700003516000,0x0000700003616000)]
  0x00007fc51f15d000 JavaThread "AsyncExecutor.default-4" daemon [_thread_blocked, id=32515, stack(0x0000700003413000,0x0000700003513000)]
  0x00007fc51f15a000 JavaThread "pool-1-thread-3" [_thread_blocked, id=32003, stack(0x0000700003310000,0x0000700003410000)]
  0x00007fc51e6c7000 JavaThread "AsyncExecutor.default-3" daemon [_thread_blocked, id=31491, stack(0x000070000320d000,0x000070000330d000)]
  0x00007fc51db07000 JavaThread "JavaCPP Deallocator" daemon [_thread_blocked, id=30467, stack(0x000070000310a000,0x000070000320a000)]
  0x00007fc51e941800 JavaThread "Workspace deallocator thread" daemon [_thread_blocked, id=22795, stack(0x00007000027ef000,0x00007000028ef000)]
  0x00007fc51eafb000 JavaThread "pool-1-thread-2" [_thread_in_native, id=29955, stack(0x0000700003007000,0x0000700003107000)]
  0x00007fc51f122800 JavaThread "AsyncExecutor.default-2" daemon [_thread_blocked, id=22279, stack(0x0000700001dd1000,0x0000700001ed1000)]
  0x00007fc51e4a2800 JavaThread "ForkJoinPool-3-worker-5" daemon [_thread_blocked, id=26375, stack(0x00007000028f2000,0x00007000029f2000)]
  0x00007fc51e9c2800 JavaThread "ForkJoinPool-3-worker-1" daemon [_thread_blocked, id=25863, stack(0x0000700001ed4000,0x0000700001fd4000)]
  0x00007fc51a75a000 JavaThread "default-akka.actor.default-dispatcher-10" [_thread_blocked, id=28931, stack(0x0000700002e01000,0x0000700002f01000)]
  0x00007fc51db76000 JavaThread "default-akka.actor.default-dispatcher-9" [_thread_blocked, id=28419, stack(0x0000700002cfe000,0x0000700002dfe000)]
  0x00007fc5191b5800 JavaThread "default-akka.actor.default-dispatcher-8" [_thread_blocked, id=27907, stack(0x0000700002bfb000,0x0000700002cfb000)]
  0x00007fc5191b5000 JavaThread "default-akka.actor.default-dispatcher-7" [_thread_blocked, id=27395, stack(0x0000700002af8000,0x0000700002bf8000)]
  0x00007fc51ce25000 JavaThread "default-akka.io.pinned-dispatcher-6" [_thread_in_native, id=26883, stack(0x00007000029f5000,0x0000700002af5000)]
  0x00007fc51cb59800 JavaThread "DestroyJavaVM" [_thread_blocked, id=7171, stack(0x0000700000b18000,0x0000700000c18000)]
  0x00007fc51928b000 JavaThread "default-akka.actor.default-dispatcher-5" [_thread_blocked, id=25347, stack(0x00007000026ec000,0x00007000027ec000)]
  0x00007fc519297800 JavaThread "default-akka.actor.default-dispatcher-4" [_thread_blocked, id=24835, stack(0x00007000025e9000,0x00007000026e9000)]
  0x00007fc51a3f0800 JavaThread "default-akka.actor.default-dispatcher-3" [_thread_blocked, id=24323, stack(0x00007000024e6000,0x00007000025e6000)]
  0x00007fc519296800 JavaThread "default-akka.actor.default-dispatcher-2" [_thread_blocked, id=15623, stack(0x00007000023e3000,0x00007000024e3000)]
  0x00007fc519296000 JavaThread "default-scheduler-1" [_thread_blocked, id=5127, stack(0x00007000022e0000,0x00007000023e0000)]
=>0x00007fc519360800 JavaThread "pool-1-thread-1" [_thread_in_native, id=4103, stack(0x00007000021dd000,0x00007000022dd000)]
  0x00007fc51aac1000 JavaThread "AsyncExecutor.default-1" daemon [_thread_blocked, id=23811, stack(0x00007000020da000,0x00007000021da000)]
  0x00007fc5193c1000 JavaThread "redis-client-akka.io.pinned-dispatcher-6" [_thread_in_native, id=23299, stack(0x0000700001fd7000,0x00007000020d7000)]
  0x00007fc51904e800 JavaThread "redis-client-akka.actor.default-dispatcher-3" [_thread_blocked, id=21763, stack(0x0000700001cce000,0x0000700001dce000)]
  0x00007fc51ab0b000 JavaThread "redis-client-akka.actor.default-dispatcher-2" [_thread_blocked, id=21251, stack(0x0000700001bcb000,0x0000700001ccb000)]
  0x00007fc51a349000 JavaThread "redis-client-scheduler-1" [_thread_blocked, id=20739, stack(0x0000700001ac8000,0x0000700001bc8000)]
  0x00007fc51a23d000 JavaThread "Service Thread" daemon [_thread_blocked, id=19715, stack(0x00007000018c2000,0x00007000019c2000)]
  0x00007fc51a224000 JavaThread "C1 CompilerThread2" daemon [_thread_in_native, id=19203, stack(0x00007000017bf000,0x00007000018bf000)]
  0x00007fc51a8df000 JavaThread "C2 CompilerThread1" daemon [_thread_in_native, id=18691, stack(0x00007000016bc000,0x00007000017bc000)]
  0x00007fc519041800 JavaThread "C2 CompilerThread0" daemon [_thread_in_native, id=18179, stack(0x00007000015b9000,0x00007000016b9000)]
  0x00007fc519151800 JavaThread "Monitor Ctrl-Break" daemon [_thread_in_native, id=17667, stack(0x00007000014b6000,0x00007000015b6000)]
  0x00007fc51a043000 JavaThread "Signal Dispatcher" daemon [_thread_blocked, id=17155, stack(0x00007000013b3000,0x00007000014b3000)]
  0x00007fc51a80e000 JavaThread "Finalizer" daemon [_thread_blocked, id=12547, stack(0x000070000122d000,0x000070000132d000)]
  0x00007fc51a029800 JavaThread "Reference Handler" daemon [_thread_blocked, id=12035, stack(0x000070000112a000,0x000070000122a000)]

Other Threads:
  0x00007fc51a80b000 VMThread [stack: 0x0000700001027000,0x0000700001127000] [id=11523]
  0x00007fc519153000 WatcherThread [stack: 0x00007000019c5000,0x0000700001ac5000] [id=20227]

VM state:not at safepoint (normal execution)

VM Mutex/Monitor currently owned by a thread: None

Heap:
 PSYoungGen      total 221696K, used 98289K [0x00000007aab00000, 0x00000007b9e00000, 0x00000007c0000000)
  eden space 201728K, 47% used [0x00000007aab00000,0x00000007b0914728,0x00000007b7000000)
  from space 19968K, 9% used [0x00000007b8a80000,0x00000007b8c68000,0x00000007b9e00000)
  to   space 23552K, 0% used [0x00000007b7000000,0x00000007b7000000,0x00000007b8700000)
 ParOldGen       total 96256K, used 52948K [0x0000000780000000, 0x0000000785e00000, 0x00000007aab00000)
  object space 96256K, 55% used [0x0000000780000000,0x00000007833b50f0,0x0000000785e00000)
 Metaspace       used 51950K, capacity 52172K, committed 52440K, reserved 1095680K
  class space    used 6731K, capacity 6799K, committed 6912K, reserved 1048576K

Card table byte_map: [0x000000010a385000,0x000000010a586000] byte_map_base: 0x0000000106785000

Marking Bits: (ParMarkBitMap*) 0x00000001098e6eb0
 Begin Bits: [0x000000010a6dc000, 0x000000010b6dc000)
 End Bits:   [0x000000010b6dc000, 0x000000010c6dc000)

Polling page: 0x00000001087c2000

CodeCache: size=245760Kb used=17120Kb max_used=17131Kb free=228639Kb
 bounds [0x00000001128e8000, 0x00000001139c8000, 0x00000001218e8000]
 total_blobs=6524 nmethods=5455 adapters=981
 compilation: enabled

Compilation events (10 events):
Event: 54.204 Thread 0x00007fc519041800 nmethod 6174 0x00000001139a75d0 code [0x00000001139a7760, 0x00000001139a7a78]
Event: 54.205 Thread 0x00007fc519041800 6176       4       scala.collection.immutable.Vector::<init> (57 bytes)
Event: 54.206 Thread 0x00007fc519041800 nmethod 6176 0x0000000112df66d0 code [0x0000000112df6820, 0x0000000112df6898]
Event: 54.207 Thread 0x00007fc519041800 6177       4       slick.ast.Select::toString (5 bytes)
Event: 54.209 Thread 0x00007fc519041800 nmethod 6177 0x00000001139a9c90 code [0x00000001139a9de0, 0x00000001139a9e98]
Event: 54.213 Thread 0x00007fc519041800 6178       4       scala.collection.mutable.ArrayBuffer::$plus$eq (6 bytes)
Event: 54.223 Thread 0x00007fc519041800 nmethod 6178 0x00000001139a94d0 code [0x00000001139a9640, 0x00000001139a9958]
Event: 54.230 Thread 0x00007fc519041800 6179   !   4       java.nio.charset.Charset::defaultCharset (65 bytes)
Event: 54.230 Thread 0x00007fc519041800 nmethod 6179 0x0000000112f58a90 code [0x0000000112f58be0, 0x0000000112f58c58]
Event: 54.260 Thread 0x00007fc519041800 6180       4       java.util.HashMap::containsKey (18 bytes)

GC Heap History (10 events):
Event: 44.640 GC heap before
{Heap before GC invocations=15 (full 2):
 PSYoungGen      total 125952K, used 125816K [0x00000007aab00000, 0x00000007b3880000, 0x00000007c0000000)
  eden space 121344K, 100% used [0x00000007aab00000,0x00000007b2180000,0x00000007b2180000)
  from space 4608K, 97% used [0x00000007b3400000,0x00000007b385e388,0x00000007b3880000)
  to   space 8704K, 0% used [0x00000007b2780000,0x00000007b2780000,0x00000007b3000000)
 ParOldGen       total 41472K, used 8364K [0x0000000780000000, 0x0000000782880000, 0x00000007aab00000)
  object space 41472K, 20% used [0x0000000780000000,0x000000078082b3b0,0x0000000782880000)
 Metaspace       used 40361K, capacity 40616K, committed 40792K, reserved 1085440K
  class space    used 5657K, capacity 5742K, committed 5760K, reserved 1048576K
Event: 44.647 GC heap after
Heap after GC invocations=15 (full 2):
 PSYoungGen      total 136192K, used 3483K [0x00000007aab00000, 0x00000007b5500000, 0x00000007c0000000)
  eden space 127488K, 0% used [0x00000007aab00000,0x00000007aab00000,0x00000007b2780000)
  from space 8704K, 40% used [0x00000007b2780000,0x00000007b2ae6e30,0x00000007b3000000)
  to   space 8704K, 0% used [0x00000007b4c80000,0x00000007b4c80000,0x00000007b5500000)
 ParOldGen       total 41472K, used 8966K [0x0000000780000000, 0x0000000782880000, 0x00000007aab00000)
  object space 41472K, 21% used [0x0000000780000000,0x00000007808c1a38,0x0000000782880000)
 Metaspace       used 40361K, capacity 40616K, committed 40792K, reserved 1085440K
  class space    used 5657K, capacity 5742K, committed 5760K, reserved 1048576K
}
Event: 46.128 GC heap before
{Heap before GC invocations=16 (full 2):
 PSYoungGen      total 136192K, used 130971K [0x00000007aab00000, 0x00000007b5500000, 0x00000007c0000000)
  eden space 127488K, 100% used [0x00000007aab00000,0x00000007b2780000,0x00000007b2780000)
  from space 8704K, 40% used [0x00000007b2780000,0x00000007b2ae6e30,0x00000007b3000000)
  to   space 8704K, 0% used [0x00000007b4c80000,0x00000007b4c80000,0x00000007b5500000)
 ParOldGen       total 41472K, used 8966K [0x0000000780000000, 0x0000000782880000, 0x00000007aab00000)
  object space 41472K, 21% used [0x0000000780000000,0x00000007808c1a38,0x0000000782880000)
 Metaspace       used 43023K, capacity 43240K, committed 43608K, reserved 1087488K
  class space    used 6090K, capacity 6190K, committed 6272K, reserved 1048576K
Event: 46.253 GC heap after
Heap after GC invocations=16 (full 2):
 PSYoungGen      total 151040K, used 8672K [0x00000007aab00000, 0x00000007b8d80000, 0x00000007c0000000)
  eden space 142336K, 0% used [0x00000007aab00000,0x00000007aab00000,0x00000007b3600000)
  from space 8704K, 99% used [0x00000007b4c80000,0x00000007b54f8030,0x00000007b5500000)
  to   space 23040K, 0% used [0x00000007b3600000,0x00000007b3600000,0x00000007b4c80000)
 ParOldGen       total 45568K, used 45235K [0x0000000780000000, 0x0000000782c80000, 0x00000007aab00000)
  object space 45568K, 99% used [0x0000000780000000,0x0000000782c2cf98,0x0000000782c80000)
 Metaspace       used 43023K, capacity 43240K, committed 43608K, reserved 1087488K
  class space    used 6090K, capacity 6190K, committed 6272K, reserved 1048576K
}
Event: 46.253 GC heap before
{Heap before GC invocations=17 (full 3):
 PSYoungGen      total 151040K, used 8672K [0x00000007aab00000, 0x00000007b8d80000, 0x00000007c0000000)
  eden space 142336K, 0% used [0x00000007aab00000,0x00000007aab00000,0x00000007b3600000)
  from space 8704K, 99% used [0x00000007b4c80000,0x00000007b54f8030,0x00000007b5500000)
  to   space 23040K, 0% used [0x00000007b3600000,0x00000007b3600000,0x00000007b4c80000)
 ParOldGen       total 45568K, used 45235K [0x0000000780000000, 0x0000000782c80000, 0x00000007aab00000)
  object space 45568K, 99% used [0x0000000780000000,0x0000000782c2cf98,0x0000000782c80000)
 Metaspace       used 43023K, capacity 43240K, committed 43608K, reserved 1087488K
  class space    used 6090K, capacity 6190K, committed 6272K, reserved 1048576K
Event: 46.627 GC heap after
Heap after GC invocations=17 (full 3):
 PSYoungGen      total 151040K, used 6613K [0x00000007aab00000, 0x00000007b8d80000, 0x00000007c0000000)
  eden space 142336K, 0% used [0x00000007aab00000,0x00000007aab00000,0x00000007b3600000)
  from space 8704K, 75% used [0x00000007b4c80000,0x00000007b52f5698,0x00000007b5500000)
  to   space 23040K, 0% used [0x00000007b3600000,0x00000007b3600000,0x00000007b4c80000)
 ParOldGen       total 96256K, used 45564K [0x0000000780000000, 0x0000000785e00000, 0x00000007aab00000)
  object space 96256K, 47% used [0x0000000780000000,0x0000000782c7f170,0x0000000785e00000)
 Metaspace       used 43023K, capacity 43240K, committed 43608K, reserved 1087488K
  class space    used 6090K, capacity 6190K, committed 6272K, reserved 1048576K
}
Event: 49.062 GC heap before
{Heap before GC invocations=18 (full 3):
 PSYoungGen      total 151040K, used 148949K [0x00000007aab00000, 0x00000007b8d80000, 0x00000007c0000000)
  eden space 142336K, 100% used [0x00000007aab00000,0x00000007b3600000,0x00000007b3600000)
  from space 8704K, 75% used [0x00000007b4c80000,0x00000007b52f5698,0x00000007b5500000)
  to   space 23040K, 0% used [0x00000007b3600000,0x00000007b3600000,0x00000007b4c80000)
 ParOldGen       total 96256K, used 45564K [0x0000000780000000, 0x0000000785e00000, 0x00000007aab00000)
  object space 96256K, 47% used [0x0000000780000000,0x0000000782c7f170,0x0000000785e00000)
 Metaspace       used 50558K, capacity 50790K, committed 51032K, reserved 1093632K
  class space    used 6691K, capacity 6766K, committed 6784K, reserved 1048576K
Event: 49.132 GC heap after
Heap after GC invocations=18 (full 3):
 PSYoungGen      total 165376K, used 14622K [0x00000007aab00000, 0x00000007ba200000, 0x00000007c0000000)
  eden space 142336K, 0% used [0x00000007aab00000,0x00000007aab00000,0x00000007b3600000)
  from space 23040K, 63% used [0x00000007b3600000,0x00000007b44478a8,0x00000007b4c80000)
  to   space 24064K, 0% used [0x00000007b8a80000,0x00000007b8a80000,0x00000007ba200000)
 ParOldGen       total 96256K, used 52244K [0x0000000780000000, 0x0000000785e00000, 0x00000007aab00000)
  object space 96256K, 54% used [0x0000000780000000,0x0000000783305170,0x0000000785e00000)
 Metaspace       used 50558K, capacity 50790K, committed 51032K, reserved 1093632K
  class space    used 6691K, capacity 6766K, committed 6784K, reserved 1048576K
}
Event: 52.030 GC heap before
{Heap before GC invocations=19 (full 3):
 PSYoungGen      total 165376K, used 156958K [0x00000007aab00000, 0x00000007ba200000, 0x00000007c0000000)
  eden space 142336K, 100% used [0x00000007aab00000,0x00000007b3600000,0x00000007b3600000)
  from space 23040K, 63% used [0x00000007b3600000,0x00000007b44478a8,0x00000007b4c80000)
  to   space 24064K, 0% used [0x00000007b8a80000,0x00000007b8a80000,0x00000007ba200000)
 ParOldGen       total 96256K, used 52244K [0x0000000780000000, 0x0000000785e00000, 0x00000007aab00000)
  object space 96256K, 54% used [0x0000000780000000,0x0000000783305170,0x0000000785e00000)
 Metaspace       used 51570K, capacity 51724K, committed 51928K, reserved 1093632K
  class space    used 6728K, capacity 6799K, committed 6912K, reserved 1048576K
Event: 52.052 GC heap after
Heap after GC invocations=19 (full 3):
 PSYoungGen      total 221696K, used 1952K [0x00000007aab00000, 0x00000007b9e00000, 0x00000007c0000000)
  eden space 201728K, 0% used [0x00000007aab00000,0x00000007aab00000,0x00000007b7000000)
  from space 19968K, 9% used [0x00000007b8a80000,0x00000007b8c68000,0x00000007b9e00000)
  to   space 23552K, 0% used [0x00000007b7000000,0x00000007b7000000,0x00000007b8700000)
 ParOldGen       total 96256K, used 52948K [0x0000000780000000, 0x0000000785e00000, 0x00000007aab00000)
  object space 96256K, 55% used [0x0000000780000000,0x00000007833b50f0,0x0000000785e00000)
 Metaspace       used 51570K, capacity 51724K, committed 51928K, reserved 1093632K
  class space    used 6728K, capacity 6799K, committed 6912K, reserved 1048576K
}

Deoptimization events (10 events):
Event: 47.180 Thread 0x00007fc51eafb000 Uncommon trap: reason=unstable_if action=reinterpret pc=0x0000000113203f38 method=org.reflections.util.FilterBuilder.apply(Ljava/lang/String;)Z @ 16
Event: 47.180 Thread 0x00007fc51eafb000 Uncommon trap: reason=unstable_if action=reinterpret pc=0x00000001132123cc method=org.reflections.util.FilterBuilder.apply(Ljava/lang/String;)Z @ 16
Event: 47.185 Thread 0x00007fc51eafb000 Uncommon trap: reason=unstable_if action=reinterpret pc=0x000000011324a59c method=org.reflections.util.FilterBuilder.apply(Ljava/lang/String;)Z @ 16
Event: 47.281 Thread 0x00007fc51eafb000 Uncommon trap: reason=class_check action=maybe_recompile pc=0x00000001132146c4 method=org.reflections.scanners.AbstractScanner.acceptResult(Ljava/lang/String;)Z @ 9
Event: 47.281 Thread 0x00007fc51eafb000 Uncommon trap: reason=class_check action=maybe_recompile pc=0x00000001132146c4 method=org.reflections.scanners.AbstractScanner.acceptResult(Ljava/lang/String;)Z @ 9
Event: 47.285 Thread 0x00007fc51eafb000 Uncommon trap: reason=class_check action=maybe_recompile pc=0x00000001132146c4 method=org.reflections.scanners.AbstractScanner.acceptResult(Ljava/lang/String;)Z @ 9
Event: 47.286 Thread 0x00007fc51eafb000 Uncommon trap: reason=class_check action=maybe_recompile pc=0x00000001132146c4 method=org.reflections.scanners.AbstractScanner.acceptResult(Ljava/lang/String;)Z @ 9
Event: 47.923 Thread 0x00007fc51eafb000 Uncommon trap: reason=unstable_if action=reinterpret pc=0x00000001132a50b4 method=org.reflections.Reflections.scan(Ljava/net/URL;)V @ 94
Event: 48.084 Thread 0x00007fc51eafb000 Uncommon trap: reason=unstable_if action=reinterpret pc=0x0000000113363840 method=javassist.bytecode.AttributeInfo.read(Ljavassist/bytecode/ConstPool;Ljava/io/DataInputStream;)Ljavassist/bytecode/AttributeInfo; @ 27
Event: 48.127 Thread 0x00007fc51eafb000 Uncommon trap: reason=unstable_if action=reinterpret pc=0x00000001132994dc method=java.io.DataInputStream.readUTF(Ljava/io/DataInput;)Ljava/lang/String; @ 112

Internal exceptions (10 events):
Event: 3.559 Thread 0x00007fc51ab0b000 Exception <a 'java/lang/ArrayIndexOutOfBoundsException'> (0x00000007ab61f4f0) thrown at [/Users/java_re/workspace/8-2-build-macosx-x86_64/jdk8u91/6644/hotspot/src/share/vm/runtime/sharedRuntime.cpp, line 605]
Event: 3.680 Thread 0x00007fc51a360800 Exception <a 'java/lang/ArrayIndexOutOfBoundsException'> (0x00000007aacab508) thrown at [/Users/java_re/workspace/8-2-build-macosx-x86_64/jdk8u91/6644/hotspot/src/share/vm/runtime/sharedRuntime.cpp, line 605]
Event: 3.806 Thread 0x00007fc51a360800 Exception <a 'java/lang/NoSuchFieldError': method resolution failed> (0x00000007ab318270) thrown at [/Users/java_re/workspace/8-2-build-macosx-x86_64/jdk8u91/6644/hotspot/src/share/vm/prims/methodHandles.cpp, line 1146]
Event: 3.809 Thread 0x00007fc51a360800 Exception <a 'java/lang/NoSuchFieldError': method resolution failed> (0x00000007ab3a9178) thrown at [/Users/java_re/workspace/8-2-build-macosx-x86_64/jdk8u91/6644/hotspot/src/share/vm/prims/methodHandles.cpp, line 1146]
Event: 3.871 Thread 0x00007fc51ab0b000 Exception <a 'java/lang/ArrayIndexOutOfBoundsException'> (0x00000007ab6a9880) thrown at [/Users/java_re/workspace/8-2-build-macosx-x86_64/jdk8u91/6644/hotspot/src/share/vm/runtime/sharedRuntime.cpp, line 605]
Event: 4.267 Thread 0x00007fc519805800 Exception <a 'java/io/FileNotFoundException'> (0x00000007ab299c38) thrown at [/Users/java_re/workspace/8-2-build-macosx-x86_64/jdk8u91/6644/hotspot/src/share/vm/prims/jni.cpp, line 709]
Event: 4.377 Thread 0x00007fc519805800 Exception <a 'java/lang/NoSuchMethodError': org.slf4j.impl.StaticMDCBinder.getSingleton()Lorg/slf4j/impl/StaticMDCBinder;> (0x00000007ab4fee90) thrown at [/Users/java_re/workspace/8-2-build-macosx-x86_64/jdk8u91/6644/hotspot/src/share/vm/interpreter/linkR
Event: 11.116 Thread 0x00007fc519805800 Exception <a 'java/lang/ArrayIndexOutOfBoundsException'> (0x00000007ae4466e8) thrown at [/Users/java_re/workspace/8-2-build-macosx-x86_64/jdk8u91/6644/hotspot/src/share/vm/runtime/sharedRuntime.cpp, line 605]
Event: 45.732 Thread 0x00007fc51eafb000 Implicit null exception at 0x0000000113206a73 to 0x00000001132074ad
Event: 45.758 Thread 0x00007fc51eafb000 Implicit null exception at 0x000000011320995b to 0x000000011320a2e1

Events (10 events):
Event: 52.153 Thread 0x00007fc51a224000 flushing nmethod 0x0000000113233d10
Event: 52.153 Thread 0x00007fc51a224000 flushing nmethod 0x0000000113237350
Event: 52.153 Thread 0x00007fc51a224000 flushing nmethod 0x000000011323c650
Event: 52.153 Thread 0x00007fc51a224000 flushing nmethod 0x0000000113248a50
Event: 52.153 Thread 0x00007fc51a224000 flushing nmethod 0x0000000113275f50
Event: 52.153 Thread 0x00007fc51a224000 flushing nmethod 0x0000000113276a90
Event: 52.797 loading class org/slf4j/Marker
Event: 52.797 loading class org/slf4j/Marker done
Event: 54.268 Executing VM operation: RevokeBias
Event: 54.269 Executing VM operation: RevokeBias done


Dynamic libraries:
0x0000000016079000 	/System/Library/Frameworks/Cocoa.framework/Versions/A/Cocoa
0x0000000016079000 	/System/Library/Frameworks/Security.framework/Versions/A/Security
0x0000000016079000 	/System/Library/Frameworks/ApplicationServices.framework/Versions/A/ApplicationServices
0x0000000016079000 	/usr/lib/libz.1.dylib
0x0000000016079000 	/usr/lib/libSystem.B.dylib
0x0000000016079000 	/usr/lib/libobjc.A.dylib
0x0000000016079000 	/System/Library/Frameworks/CoreFoundation.framework/Versions/A/CoreFoundation
0x0000000016079000 	/System/Library/Frameworks/Foundation.framework/Versions/C/Foundation
0x0000000016079000 	/System/Library/Frameworks/AppKit.framework/Versions/C/AppKit
0x0000000016079000 	/System/Library/Frameworks/CoreData.framework/Versions/A/CoreData
0x0000000016079000 	/System/Library/PrivateFrameworks/RemoteViewServices.framework/Versions/A/RemoteViewServices
0x0000000016079000 	/System/Library/PrivateFrameworks/UIFoundation.framework/Versions/A/UIFoundation
0x0000000016079000 	/System/Library/PrivateFrameworks/DFRFoundation.framework/Versions/A/DFRFoundation
0x0000000016079000 	/usr/lib/libenergytrace.dylib
0x0000000016079000 	/System/Library/PrivateFrameworks/SkyLight.framework/Versions/A/SkyLight
0x0000000016079000 	/System/Library/Frameworks/CoreGraphics.framework/Versions/A/CoreGraphics
0x0000000016079000 	/usr/lib/libScreenReader.dylib
0x0000000016079000 	/System/Library/Frameworks/Accelerate.framework/Versions/A/Accelerate
0x0000000016079000 	/System/Library/Frameworks/IOSurface.framework/Versions/A/IOSurface
0x0000000016079000 	/System/Library/Frameworks/AudioToolbox.framework/Versions/A/AudioToolbox
0x0000000016079000 	/System/Library/Frameworks/AudioUnit.framework/Versions/A/AudioUnit
0x0000000016079000 	/System/Library/PrivateFrameworks/DataDetectorsCore.framework/Versions/A/DataDetectorsCore
0x0000000016079000 	/System/Library/PrivateFrameworks/DesktopServicesPriv.framework/Versions/A/DesktopServicesPriv
0x0000000016079000 	/System/Library/Frameworks/Carbon.framework/Versions/A/Frameworks/HIToolbox.framework/Versions/A/HIToolbox
0x0000000016079000 	/usr/lib/libicucore.A.dylib
0x0000000016079000 	/System/Library/Frameworks/QuartzCore.framework/Versions/A/QuartzCore
0x0000000016079000 	/System/Library/Frameworks/Carbon.framework/Versions/A/Frameworks/SpeechRecognition.framework/Versions/A/SpeechRecognition
0x0000000016079000 	/usr/lib/libauto.dylib
0x0000000016079000 	/usr/lib/libxml2.2.dylib
0x0000000016079000 	/System/Library/PrivateFrameworks/CoreUI.framework/Versions/A/CoreUI
0x0000000016079000 	/System/Library/Frameworks/CoreAudio.framework/Versions/A/CoreAudio
0x0000000016079000 	/System/Library/Frameworks/DiskArbitration.framework/Versions/A/DiskArbitration
0x0000000016079000 	/usr/lib/liblangid.dylib
0x0000000016079000 	/System/Library/PrivateFrameworks/MultitouchSupport.framework/Versions/A/MultitouchSupport
0x0000000016079000 	/System/Library/Frameworks/IOKit.framework/Versions/A/IOKit
0x0000000016079000 	/usr/lib/libDiagnosticMessagesClient.dylib
0x0000000016079000 	/System/Library/Frameworks/CoreServices.framework/Versions/A/CoreServices
0x0000000016079000 	/System/Library/PrivateFrameworks/PerformanceAnalysis.framework/Versions/A/PerformanceAnalysis
0x0000000016079000 	/System/Library/PrivateFrameworks/GenerationalStorage.framework/Versions/A/GenerationalStorage
0x0000000016079000 	/System/Library/Frameworks/OpenGL.framework/Versions/A/OpenGL
0x0000000016079000 	/System/Library/Frameworks/CoreImage.framework/Versions/A/CoreImage
0x0000000016079000 	/System/Library/Frameworks/CoreText.framework/Versions/A/CoreText
0x0000000016079000 	/System/Library/Frameworks/ImageIO.framework/Versions/A/ImageIO
0x0000000016079000 	/System/Library/PrivateFrameworks/Backup.framework/Versions/A/Backup
0x0000000016079000 	/usr/lib/libarchive.2.dylib
0x0000000016079000 	/System/Library/Frameworks/CFNetwork.framework/Versions/A/CFNetwork
0x0000000016079000 	/System/Library/Frameworks/SystemConfiguration.framework/Versions/A/SystemConfiguration
0x0000000016079000 	/usr/lib/libCRFSuite.dylib
0x0000000016079000 	/usr/lib/libc++.1.dylib
0x0000000016079000 	/usr/lib/libc++abi.dylib
0x0000000016079000 	/usr/lib/system/libcache.dylib
0x0000000016079000 	/usr/lib/system/libcommonCrypto.dylib
0x0000000016079000 	/usr/lib/system/libcompiler_rt.dylib
0x0000000016079000 	/usr/lib/system/libcopyfile.dylib
0x0000000016079000 	/usr/lib/system/libcorecrypto.dylib
0x0000000016079000 	/usr/lib/system/libdispatch.dylib
0x0000000016079000 	/usr/lib/system/libdyld.dylib
0x0000000016079000 	/usr/lib/system/libkeymgr.dylib
0x0000000016079000 	/usr/lib/system/liblaunch.dylib
0x0000000016079000 	/usr/lib/system/libmacho.dylib
0x0000000016079000 	/usr/lib/system/libquarantine.dylib
0x0000000016079000 	/usr/lib/system/libremovefile.dylib
0x0000000016079000 	/usr/lib/system/libsystem_asl.dylib
0x0000000016079000 	/usr/lib/system/libsystem_blocks.dylib
0x0000000016079000 	/usr/lib/system/libsystem_c.dylib
0x0000000016079000 	/usr/lib/system/libsystem_configuration.dylib
0x0000000016079000 	/usr/lib/system/libsystem_coreservices.dylib
0x0000000016079000 	/usr/lib/system/libsystem_coretls.dylib
0x0000000016079000 	/usr/lib/system/libsystem_dnssd.dylib
0x0000000016079000 	/usr/lib/system/libsystem_info.dylib
0x0000000016079000 	/usr/lib/system/libsystem_kernel.dylib
0x0000000016079000 	/usr/lib/system/libsystem_m.dylib
0x0000000016079000 	/usr/lib/system/libsystem_malloc.dylib
0x0000000016079000 	/usr/lib/system/libsystem_network.dylib
0x0000000016079000 	/usr/lib/system/libsystem_networkextension.dylib
0x0000000016079000 	/usr/lib/system/libsystem_notify.dylib
0x0000000016079000 	/usr/lib/system/libsystem_platform.dylib
0x0000000016079000 	/usr/lib/system/libsystem_pthread.dylib
0x0000000016079000 	/usr/lib/system/libsystem_sandbox.dylib
0x0000000016079000 	/usr/lib/system/libsystem_secinit.dylib
0x0000000016079000 	/usr/lib/system/libsystem_symptoms.dylib
0x0000000016079000 	/usr/lib/system/libsystem_trace.dylib
0x0000000016079000 	/usr/lib/system/libunwind.dylib
0x0000000016079000 	/usr/lib/system/libxpc.dylib
0x0000000016079000 	/usr/lib/libbsm.0.dylib
0x0000000016079000 	/usr/lib/system/libkxld.dylib
0x0000000016079000 	/usr/lib/libcoretls.dylib
0x0000000016079000 	/usr/lib/libcoretls_cfhelpers.dylib
0x0000000016079000 	/usr/lib/libOpenScriptingUtil.dylib
0x0000000016079000 	/usr/lib/libpam.2.dylib
0x0000000016079000 	/usr/lib/libsqlite3.dylib
0x0000000016079000 	/usr/lib/libxar.1.dylib
0x0000000016079000 	/usr/lib/libbz2.1.0.dylib
0x0000000016079000 	/usr/lib/liblzma.5.dylib
0x0000000016079000 	/usr/lib/libnetwork.dylib
0x0000000016079000 	/usr/lib/libpcap.A.dylib
0x0000000016079000 	/System/Library/Frameworks/CoreServices.framework/Versions/A/Frameworks/FSEvents.framework/Versions/A/FSEvents
0x0000000016079000 	/System/Library/Frameworks/CoreServices.framework/Versions/A/Frameworks/CarbonCore.framework/Versions/A/CarbonCore
0x0000000016079000 	/System/Library/Frameworks/CoreServices.framework/Versions/A/Frameworks/Metadata.framework/Versions/A/Metadata
0x0000000016079000 	/System/Library/Frameworks/CoreServices.framework/Versions/A/Frameworks/OSServices.framework/Versions/A/OSServices
0x0000000016079000 	/System/Library/Frameworks/CoreServices.framework/Versions/A/Frameworks/SearchKit.framework/Versions/A/SearchKit
0x0000000016079000 	/System/Library/Frameworks/CoreServices.framework/Versions/A/Frameworks/AE.framework/Versions/A/AE
0x0000000016079000 	/System/Library/Frameworks/CoreServices.framework/Versions/A/Frameworks/LaunchServices.framework/Versions/A/LaunchServices
0x0000000016079000 	/System/Library/Frameworks/CoreServices.framework/Versions/A/Frameworks/DictionaryServices.framework/Versions/A/DictionaryServices
0x0000000016079000 	/System/Library/Frameworks/CoreServices.framework/Versions/A/Frameworks/SharedFileList.framework/Versions/A/SharedFileList
0x0000000016079000 	/System/Library/Frameworks/NetFS.framework/Versions/A/NetFS
0x0000000016079000 	/System/Library/PrivateFrameworks/NetAuth.framework/Versions/A/NetAuth
0x0000000016079000 	/System/Library/PrivateFrameworks/login.framework/Versions/A/Frameworks/loginsupport.framework/Versions/A/loginsupport
0x0000000016079000 	/System/Library/PrivateFrameworks/TCC.framework/Versions/A/TCC
0x0000000016079000 	/usr/lib/libmecabra.dylib
0x0000000016079000 	/System/Library/Frameworks/ApplicationServices.framework/Versions/A/Frameworks/ATS.framework/Versions/A/ATS
0x0000000016079000 	/System/Library/Frameworks/ApplicationServices.framework/Versions/A/Frameworks/ColorSync.framework/Versions/A/ColorSync
0x0000000016079000 	/System/Library/Frameworks/ApplicationServices.framework/Versions/A/Frameworks/HIServices.framework/Versions/A/HIServices
0x0000000016079000 	/System/Library/Frameworks/ApplicationServices.framework/Versions/A/Frameworks/LangAnalysis.framework/Versions/A/LangAnalysis
0x0000000016079000 	/System/Library/Frameworks/ApplicationServices.framework/Versions/A/Frameworks/PrintCore.framework/Versions/A/PrintCore
0x0000000016079000 	/System/Library/Frameworks/ApplicationServices.framework/Versions/A/Frameworks/QD.framework/Versions/A/QD
0x0000000016079000 	/System/Library/Frameworks/ApplicationServices.framework/Versions/A/Frameworks/SpeechSynthesis.framework/Versions/A/SpeechSynthesis
0x0000000016079000 	/System/Library/Frameworks/Accelerate.framework/Versions/A/Frameworks/vImage.framework/Versions/A/vImage
0x0000000016079000 	/System/Library/Frameworks/Accelerate.framework/Versions/A/Frameworks/vecLib.framework/Versions/A/vecLib
0x0000000016079000 	/System/Library/Frameworks/Accelerate.framework/Versions/A/Frameworks/vecLib.framework/Versions/A/libvDSP.dylib
0x0000000016079000 	/System/Library/Frameworks/Accelerate.framework/Versions/A/Frameworks/vecLib.framework/Versions/A/libBNNS.dylib
0x0000000016079000 	/System/Library/Frameworks/Accelerate.framework/Versions/A/Frameworks/vecLib.framework/Versions/A/libQuadrature.dylib
0x0000000016079000 	/System/Library/Frameworks/Accelerate.framework/Versions/A/Frameworks/vecLib.framework/Versions/A/libvMisc.dylib
0x0000000016079000 	/System/Library/Frameworks/Accelerate.framework/Versions/A/Frameworks/vecLib.framework/Versions/A/libLAPACK.dylib
0x0000000016079000 	/System/Library/Frameworks/Accelerate.framework/Versions/A/Frameworks/vecLib.framework/Versions/A/libBLAS.dylib
0x0000000016079000 	/System/Library/Frameworks/Accelerate.framework/Versions/A/Frameworks/vecLib.framework/Versions/A/libLinearAlgebra.dylib
0x0000000016079000 	/System/Library/Frameworks/Accelerate.framework/Versions/A/Frameworks/vecLib.framework/Versions/A/libSparseBLAS.dylib
0x0000000016079000 	/System/Library/Frameworks/ApplicationServices.framework/Versions/A/Frameworks/ATS.framework/Versions/A/Resources/libFontParser.dylib
0x0000000016079000 	/System/Library/Frameworks/ApplicationServices.framework/Versions/A/Frameworks/ATS.framework/Versions/A/Resources/libFontRegistry.dylib
0x0000000016079000 	/System/Library/Frameworks/ImageIO.framework/Versions/A/Resources/libJPEG.dylib
0x0000000016079000 	/System/Library/Frameworks/ImageIO.framework/Versions/A/Resources/libTIFF.dylib
0x0000000016079000 	/System/Library/Frameworks/ImageIO.framework/Versions/A/Resources/libPng.dylib
0x0000000016079000 	/System/Library/Frameworks/ImageIO.framework/Versions/A/Resources/libGIF.dylib
0x0000000016079000 	/System/Library/Frameworks/ImageIO.framework/Versions/A/Resources/libJP2.dylib
0x0000000016079000 	/System/Library/Frameworks/ImageIO.framework/Versions/A/Resources/libRadiance.dylib
0x0000000016079000 	/usr/lib/libcompression.dylib
0x0000000016079000 	/System/Library/PrivateFrameworks/AppleJPEG.framework/Versions/A/AppleJPEG
0x0000000016079000 	/usr/lib/libcups.2.dylib
0x0000000016079000 	/System/Library/Frameworks/Kerberos.framework/Versions/A/Kerberos
0x0000000016079000 	/System/Library/Frameworks/GSS.framework/Versions/A/GSS
0x0000000016079000 	/usr/lib/libresolv.9.dylib
0x0000000016079000 	/usr/lib/libiconv.2.dylib
0x0000000016079000 	/System/Library/PrivateFrameworks/Heimdal.framework/Versions/A/Heimdal
0x0000000016079000 	/usr/lib/libheimdal-asn1.dylib
0x0000000016079000 	/System/Library/Frameworks/OpenDirectory.framework/Versions/A/OpenDirectory
0x0000000016079000 	/System/Library/PrivateFrameworks/CommonAuth.framework/Versions/A/CommonAuth
0x0000000016079000 	/System/Library/Frameworks/OpenDirectory.framework/Versions/A/Frameworks/CFOpenDirectory.framework/Versions/A/CFOpenDirectory
0x0000000016079000 	/System/Library/Frameworks/SecurityFoundation.framework/Versions/A/SecurityFoundation
0x0000000016079000 	/System/Library/PrivateFrameworks/LanguageModeling.framework/Versions/A/LanguageModeling
0x0000000016079000 	/usr/lib/libmarisa.dylib
0x0000000016079000 	/usr/lib/libChineseTokenizer.dylib
0x0000000016079000 	/usr/lib/libcmph.dylib
0x0000000016079000 	/System/Library/PrivateFrameworks/CoreEmoji.framework/Versions/A/CoreEmoji
0x0000000016079000 	/System/Library/Frameworks/ServiceManagement.framework/Versions/A/ServiceManagement
0x0000000016079000 	/usr/lib/libxslt.1.dylib
0x0000000016079000 	/System/Library/Frameworks/Carbon.framework/Versions/A/Frameworks/Ink.framework/Versions/A/Ink
0x0000000016079000 	/System/Library/PrivateFrameworks/TextureIO.framework/Versions/A/TextureIO
0x0000000016079000 	/System/Library/Frameworks/Metal.framework/Versions/A/Metal
0x0000000016079000 	/usr/lib/libate.dylib
0x0000000016079000 	/System/Library/PrivateFrameworks/GPUCompiler.framework/libmetal_timestamp.dylib
0x0000000016079000 	/System/Library/Frameworks/OpenGL.framework/Versions/A/Libraries/libCoreFSCache.dylib
0x0000000016079000 	/System/Library/PrivateFrameworks/IOAccelerator.framework/Versions/A/IOAccelerator
0x0000000016079000 	/System/Library/Frameworks/CoreVideo.framework/Versions/A/CoreVideo
0x0000000016079000 	/usr/lib/libFosl_dynamic.dylib
0x0000000016079000 	/System/Library/PrivateFrameworks/MetalPerformanceShaders.framework/Versions/A/MetalPerformanceShaders
0x0000000016079000 	/System/Library/PrivateFrameworks/FaceCore.framework/Versions/A/FaceCore
0x0000000016079000 	/System/Library/Frameworks/OpenCL.framework/Versions/A/OpenCL
0x0000000016079000 	/System/Library/Frameworks/OpenGL.framework/Versions/A/Libraries/libGLU.dylib
0x0000000016079000 	/System/Library/Frameworks/OpenGL.framework/Versions/A/Libraries/libGFXShared.dylib
0x0000000016079000 	/System/Library/Frameworks/OpenGL.framework/Versions/A/Libraries/libGL.dylib
0x0000000016079000 	/System/Library/Frameworks/OpenGL.framework/Versions/A/Libraries/libGLImage.dylib
0x0000000016079000 	/System/Library/Frameworks/OpenGL.framework/Versions/A/Libraries/libCVMSPluginSupport.dylib
0x0000000016079000 	/System/Library/Frameworks/OpenGL.framework/Versions/A/Libraries/libCoreVMClient.dylib
0x0000000016079000 	/System/Library/PrivateFrameworks/CrashReporterSupport.framework/Versions/A/CrashReporterSupport
0x0000000016079000 	/System/Library/PrivateFrameworks/Sharing.framework/Versions/A/Sharing
0x0000000016079000 	/System/Library/PrivateFrameworks/IconServices.framework/Versions/A/IconServices
0x0000000016079000 	/System/Library/PrivateFrameworks/ProtocolBuffer.framework/Versions/A/ProtocolBuffer
0x0000000016079000 	/System/Library/PrivateFrameworks/Apple80211.framework/Versions/A/Apple80211
0x0000000016079000 	/System/Library/Frameworks/CoreWLAN.framework/Versions/A/CoreWLAN
0x0000000016079000 	/System/Library/PrivateFrameworks/CoreUtils.framework/Versions/A/CoreUtils
0x0000000016079000 	/System/Library/Frameworks/IOBluetooth.framework/Versions/A/IOBluetooth
0x0000000016079000 	/System/Library/PrivateFrameworks/CoreWiFi.framework/Versions/A/CoreWiFi
0x0000000016079000 	/System/Library/Frameworks/CoreBluetooth.framework/Versions/A/CoreBluetooth
0x0000000016079000 	/System/Library/Frameworks/CoreDisplay.framework/Versions/A/CoreDisplay
0x0000000016079000 	/System/Library/PrivateFrameworks/IOPresentment.framework/Versions/A/IOPresentment
0x0000000016079000 	/System/Library/PrivateFrameworks/DSExternalDisplay.framework/Versions/A/DSExternalDisplay
0x0000000016079000 	/System/Library/PrivateFrameworks/DebugSymbols.framework/Versions/A/DebugSymbols
0x0000000016079000 	/System/Library/PrivateFrameworks/CoreSymbolication.framework/Versions/A/CoreSymbolication
0x0000000016079000 	/System/Library/PrivateFrameworks/Symbolication.framework/Versions/A/Symbolication
0x0000000016079000 	/System/Library/PrivateFrameworks/AppleFSCompression.framework/Versions/A/AppleFSCompression
0x0000000016079000 	/System/Library/PrivateFrameworks/SpeechRecognitionCore.framework/Versions/A/SpeechRecognitionCore
0x0000000016079000 	/System/Library/PrivateFrameworks/ChunkingLibrary.framework/Versions/A/ChunkingLibrary
0x000000004e449000 	/System/Library/CoreServices/Encodings/libCyrillicConverter.dylib
0x0000000109000000 	/Library/Java/JavaVirtualMachines/jdk1.8.0_91.jdk/Contents/Home/jre/lib/server/libjvm.dylib
0x0000000016079000 	/usr/lib/libstdc++.6.dylib
0x000000010877f000 	/Library/Java/JavaVirtualMachines/jdk1.8.0_91.jdk/Contents/Home/jre/lib/libverify.dylib
0x000000010878d000 	/Library/Java/JavaVirtualMachines/jdk1.8.0_91.jdk/Contents/Home/jre/lib/libjava.dylib
0x00000001087c3000 	/Library/Java/JavaVirtualMachines/jdk1.8.0_91.jdk/Contents/Home/jre/lib/libinstrument.dylib
0x00000001087f0000 	/Library/Java/JavaVirtualMachines/jdk1.8.0_91.jdk/Contents/Home/jre/lib/libzip.dylib
0x000000010e396000 	/System/Library/Frameworks/JavaVM.framework/Frameworks/JavaRuntimeSupport.framework/JavaRuntimeSupport
0x000000010e3b0000 	/System/Library/Frameworks/JavaVM.framework/Versions/A/Frameworks/JavaNativeFoundation.framework/Versions/A/JavaNativeFoundation
0x000000010e3c5000 	/System/Library/Frameworks/JavaVM.framework/Versions/A/JavaVM
0x0000000016079000 	/System/Library/Frameworks/Carbon.framework/Versions/A/Carbon
0x000000010e3d2000 	/System/Library/PrivateFrameworks/JavaLaunching.framework/Versions/A/JavaLaunching
0x0000000016079000 	/System/Library/Frameworks/Carbon.framework/Versions/A/Frameworks/CommonPanels.framework/Versions/A/CommonPanels
0x0000000016079000 	/System/Library/Frameworks/Carbon.framework/Versions/A/Frameworks/Help.framework/Versions/A/Help
0x0000000016079000 	/System/Library/Frameworks/Carbon.framework/Versions/A/Frameworks/ImageCapture.framework/Versions/A/ImageCapture
0x0000000016079000 	/System/Library/Frameworks/Carbon.framework/Versions/A/Frameworks/OpenScripting.framework/Versions/A/OpenScripting
0x0000000016079000 	/System/Library/Frameworks/Carbon.framework/Versions/A/Frameworks/Print.framework/Versions/A/Print
0x0000000016079000 	/System/Library/Frameworks/Carbon.framework/Versions/A/Frameworks/SecurityHI.framework/Versions/A/SecurityHI
0x00000001102f8000 	/Library/Java/JavaVirtualMachines/jdk1.8.0_91.jdk/Contents/Home/jre/lib/libnet.dylib
0x0000000112814000 	/Library/Java/JavaVirtualMachines/jdk1.8.0_91.jdk/Contents/Home/jre/lib/libnio.dylib
0x0000000112794000 	/Library/Java/JavaVirtualMachines/jdk1.8.0_91.jdk/Contents/Home/jre/lib/libsunec.dylib
0x000000012438d000 	/Users/hugiron/.javacpp/cache/nd4j-native-0.9.1-macosx-x86_64.jar/org/nd4j/nativeblas/macosx-x86_64/libnd4jcpu.dylib
0x0000000121a80000 	/Users/hugiron/.javacpp/cache/nd4j-native-0.9.1-macosx-x86_64.jar/org/nd4j/nativeblas/macosx-x86_64/libjnind4jcpu.dylib
0x0000000125236000 	/Users/hugiron/.javacpp/cache/openblas-0.2.19-1.3-macosx-x86_64.jar/org/bytedeco/javacpp/macosx-x86_64/libopenblas.dylib
0x000000012c2b0000 	/Users/hugiron/.javacpp/cache/openblas-0.2.19-1.3-macosx-x86_64.jar/org/bytedeco/javacpp/macosx-x86_64/libjniopenblas.dylib

VM Arguments:
jvm_args: -javaagent:/Users/hugiron/Library/Application Support/JetBrains/Toolbox/apps/IDEA-U/ch-0/173.4548.28/IntelliJ IDEA.app/Contents/lib/idea_rt.jar=54103:/Users/hugiron/Library/Application Support/JetBrains/Toolbox/apps/IDEA-U/ch-0/173.4548.28/IntelliJ IDEA.app/Contents/bin -Dfile.encoding=UTF-8 
java_command: com.gifty.AppStarter
java_class_path (initial): /Library/Java/JavaVirtualMachines/jdk1.8.0_91.jdk/Contents/Home/jre/lib/charsets.jar:/Library/Java/JavaVirtualMachines/jdk1.8.0_91.jdk/Contents/Home/jre/lib/deploy.jar:/Library/Java/JavaVirtualMachines/jdk1.8.0_91.jdk/Contents/Home/jre/lib/ext/cldrdata.jar:/Library/Java/JavaVirtualMachines/jdk1.8.0_91.jdk/Contents/Home/jre/lib/ext/dnsns.jar:/Library/Java/JavaVirtualMachines/jdk1.8.0_91.jdk/Contents/Home/jre/lib/ext/jaccess.jar:/Library/Java/JavaVirtualMachines/jdk1.8.0_91.jdk/Contents/Home/jre/lib/ext/jfxrt.jar:/Library/Java/JavaVirtualMachines/jdk1.8.0_91.jdk/Contents/Home/jre/lib/ext/localedata.jar:/Library/Java/JavaVirtualMachines/jdk1.8.0_91.jdk/Contents/Home/jre/lib/ext/nashorn.jar:/Library/Java/JavaVirtualMachines/jdk1.8.0_91.jdk/Contents/Home/jre/lib/ext/sunec.jar:/Library/Java/JavaVirtualMachines/jdk1.8.0_91.jdk/Contents/Home/jre/lib/ext/sunjce_provider.jar:/Library/Java/JavaVirtualMachines/jdk1.8.0_91.jdk/Contents/Home/jre/lib/ext/sunpkcs11.jar:/Library/Java/JavaVirtualMachines/jdk1.8.0_91.jdk/Contents/Home/jre/lib/ext/zipfs.jar:/Library/Java/JavaVirtualMachines/jdk1.8.0_91.jdk/Contents/Home/jre/lib/javaws.jar:/Library/Java/JavaVirtualMachines/jdk1.8.0_91.jdk/Contents/Home/jre/lib/jce.jar:/Library/Java/JavaVirtualMachines/jdk1.8.0_91.jdk/Contents/Home/jre/lib/jfr.jar:/Library/Java/JavaVirtualMachines/jdk1.8.0_91.jdk/Contents/Home/jre/lib/jfxswt.jar:/Library/Java/JavaVirtualMachines/jdk1.8.0_91.jdk/Contents/Home/jre/lib/jsse.jar:/Library/Java/JavaVirtualMachines/jdk1.8.0_91.jdk/Contents/Home/jre/lib/management-agent.jar:/Library/Java/JavaVirtualMachines/jdk1.8.0_91.jdk/Contents/Home/jre/lib/plugin.jar:/Library/Java/JavaVirtualMachines/jdk1.8.0_91.jdk/Contents/Home/jre/lib/resources.jar:/Library/Java/JavaVirtualMachines/jdk1.8.0_91.jdk/Contents/Home/jre/lib/rt.jar:/Library/Java/JavaVirtualMachines/jdk1.8.0_91.jdk/Contents/Home/lib/ant-javafx.jar:/Library/Java/JavaVirtualMachines/jdk1.8.0_91.jdk/Contents/Home/lib/dt.jar:/Library/Ja
Launcher Type: SUN_STANDARD

Environment Variables:
JAVA_HOME=/Library/Java/JavaVirtualMachines/jdk1.8.0_91.jdk/Contents/Home
JRE_HOME=/Library/Java/JavaVirtualMachines/jdk1.8.0_91.jdk/Contents/Home/jre
PATH=/opt/local/bin:/opt/local/sbin:/anaconda/bin:/opt/local/bin:/opt/local/sbin:/opt/mvn/bin:/usr/local/bin:/usr/bin:/bin:/usr/sbin:/sbin:/opt/X11/bin:/usr/local/share/dotnet:/Library/Frameworks/Mono.framework/Versions/Current/Commands:/usr/local/sbin:/usr/local/Cellar/tomcat/8.5.3/bin:/usr/local/bin/scala/bin:/opt/local/bin
SHELL=/bin/bash
DISPLAY=/private/tmp/com.apple.launchd.m5AtuQXEO3/org.macosforge.xquartz:0

Signal Handlers:
SIGSEGV: [libjvm.dylib+0x5a97a1], sa_mask[0]=11111111011111110111111111111111, sa_flags=SA_ONSTACK|SA_RESTART|SA_SIGINFO
SIGBUS: [libjvm.dylib+0x5a97a1], sa_mask[0]=11111111011111110111111111111111, sa_flags=SA_RESTART|SA_SIGINFO
SIGFPE: [libjvm.dylib+0x482594], sa_mask[0]=11111111011111110111111111111111, sa_flags=SA_RESTART|SA_SIGINFO
SIGPIPE: [libjvm.dylib+0x482594], sa_mask[0]=11111111011111110111111111111111, sa_flags=SA_RESTART|SA_SIGINFO
SIGXFSZ: [libjvm.dylib+0x482594], sa_mask[0]=11111111011111110111111111111111, sa_flags=SA_RESTART|SA_SIGINFO
SIGILL: [libjvm.dylib+0x482594], sa_mask[0]=11111111011111110111111111111111, sa_flags=SA_RESTART|SA_SIGINFO
SIGUSR1: SIG_DFL, sa_mask[0]=00000000000000000000000000000000, sa_flags=none
SIGUSR2: [libjvm.dylib+0x4820b2], sa_mask[0]=00100000000000000000000000000000, sa_flags=SA_RESTART|SA_SIGINFO
SIGHUP: [libjvm.dylib+0x480689], sa_mask[0]=11111111011111110111111111111111, sa_flags=SA_RESTART|SA_SIGINFO
SIGINT: [libjvm.dylib+0x480689], sa_mask[0]=11111111011111110111111111111111, sa_flags=SA_RESTART|SA_SIGINFO
SIGTERM: [libjvm.dylib+0x480689], sa_mask[0]=11111111011111110111111111111111, sa_flags=SA_RESTART|SA_SIGINFO
SIGQUIT: [libjvm.dylib+0x480689], sa_mask[0]=11111111011111110111111111111111, sa_flags=SA_RESTART|SA_SIGINFO


---------------  S Y S T E M  ---------------

OS:Bsduname:Darwin 16.7.0 Darwin Kernel Version 16.7.0: Wed Oct  4 00:17:00 PDT 2017; root:xnu-3789.71.6~1/RELEASE_X86_64 x86_64
rlimit: STACK 8192k, CORE 0k, NPROC 709, NOFILE 10240, AS infinity
load average:9.40 9.05 9.02

CPU:total 4 (2 cores per cpu, 2 threads per core) family 6 model 61 stepping 4, cmov, cx8, fxsr, mmx, sse, sse2, sse3, ssse3, sse4.1, sse4.2, popcnt, avx, avx2, aes, clmul, erms, 3dnowpref, lzcnt, ht, tsc, tscinvbit, bmi1, bmi2, adx

Memory: 4k page, physical 4194304k(37120k free)

/proc/meminfo:


vm_info: Java HotSpot(TM) 64-Bit Server VM (25.91-b14) for bsd-amd64 JRE (1.8.0_91-b14), built on Apr  1 2016 01:03:00 by "java_re" with gcc 4.2.1 (Based on Apple Inc. build 5658) (LLVM build 2336.11.00)

time: Sat Mar  3 17:24:42 2018
elapsed time: 54 seconds (0d 0h 0m 54s)

