#
# A fatal error has been detected by the Java Runtime Environment:
#
#  SIGSEGV (0xb) at pc=0x000000012b984c3f, pid=37695, tid=36611
#
# JRE version: Java(TM) SE Runtime Environment (8.0_91-b14) (build 1.8.0_91-b14)
# Java VM: Java HotSpot(TM) 64-Bit Server VM (25.91-b14 mixed mode bsd-amd64 compressed oops)
# Problematic frame:
# C  [libnd4jcpu.dylib+0x344c3f]  float functions::reduce::ReduceFunction<float>::execScalar<simdOps::Max<float> >(float*, int*, float*)+0x56f
#
# Failed to write core dump. Core dumps have been disabled. To enable core dumping, try "ulimit -c unlimited" before starting Java again
#
# If you would like to submit a bug report, please visit:
#   http://bugreport.java.com/bugreport/crash.jsp
# The crash happened outside the Java Virtual Machine in native code.
# See problematic frame for where to report the bug.
#

---------------  T H R E A D  ---------------

Current thread (0x00007ff57149c800):  JavaThread "pool-1-thread-10" [_thread_in_native, id=36611, stack(0x000070000df6e000,0x000070000e06e000)]

siginfo: si_signo: 11 (SIGSEGV), si_code: 1 (SEGV_MAPERR), si_addr: 0x00007ff572100000

Registers:
RAX=0x0000000000000001, RBX=0x00007ff572100000, RCX=0x000070000e06cbb4, RDX=0x0000000000000004
RSP=0x000070000e06cb20, RBP=0x000070000e06cbb0, RSI=0x0000000000000001, RDI=0x000070000e06cc30
R8 =0x0000000000000004, R9 =0x000070000e06cbb4, R10=0x0000000000000001, R11=0xfffff00aa020fbf4
R12=0x0000000000000002, R13=0x0000000000000001, R14=0x00007ff56de5d030, R15=0x0000000000000008
RIP=0x000000012b984c3f, EFLAGS=0x0000000000010206, ERR=0x0000000000000004
  TRAPNO=0x000000000000000e

Top of Stack: (sp=0x000070000e06cb20)
0x000070000e06cb20:   0000000000000001 0000000100000000
0x000070000e06cb30:   0000000000000001 000000012a4dcea0
0x000070000e06cb40:   00007ff57149c800 0000000780012308
0x000070000e06cb50:   000070000e06d440 000000011111b974
0x000070000e06cb60:   000070000e06cb80 00000001104685d6
0x000070000e06cb70:   000070000e06cba0 000000012a4dcea0
0x000070000e06cb80:   000000012a4dcea0 0000000110462eba
0x000070000e06cb90:   000070000e06cc60 00000000ffffffff
0x000070000e06cba0:   000070000e06cbc0 00000001101f24ea
0x000070000e06cbb0:   0107e9b400000000 00000000ffffffff
0x000070000e06cbc0:   000070000e06ccd0 00000001102e5c88
0x000070000e06cbd0:   0000000000000000 00007ff57149c800
0x000070000e06cbe0:   010070000e06d440 0000000000000000
0x000070000e06cbf0:   000000012a4dcea0 00007ff57149c800
0x000070000e06cc00:   00000000000010c8 000070000e06cd80
0x000070000e06cc10:   000070000e06cc60 00000001110c72e6
0x000070000e06cc20:   0000000780012308 000070000e06cd38
0x000070000e06cc30:   0000000100000001 0000000110f995d0
0x000070000e06cc40:   0000000700000000 000070000e06cd78
0x000070000e06cc50:   000070000e06cd38 00007ff57149c800
0x000070000e06cc60:   00007ff57149c800 000000012a4dcea0
0x000070000e06cc70:   00007ff57149c800 000000012a4dcea0
0x000070000e06cc80:   00007ff57149c800 00000007f02289f7
0x000070000e06cc90:   000000012a4dcea0 000000012a4dcea0
0x000070000e06cca0:   000000012a4dcea0 0000000000000000
0x000070000e06ccb0:   0000000000000000 00007ff57149c9f8
0x000070000e06ccc0:   00007ff56dae1bb0 00007ff56de5d030
0x000070000e06ccd0:   00007ff56df05930 00007ff56dde4440
0x000070000e06cce0:   00007ff56db70770 0000000128cccf83
0x000070000e06ccf0:   000070000e06cd58 0000000100000003
0x000070000e06cd00:   0000000110f9c114 00000007c066c660
0x000070000e06cd10:   000070000e06cd80 0000000000000000 

Instructions: (pc=0x000000012b984c3f)
0x000000012b984c1f:   41 5e 41 5f c3 66 66 66 2e 0f 1f 84 00 00 00 00
0x000000012b984c2f:   00 48 63 f6 48 63 84 b4 10 01 00 00 48 8d 1c 83
0x000000012b984c3f:   f3 0f 10 0b e9 58 ff ff ff bd 01 00 00 00 48 63
0x000000012b984c4f:   05 70 5f 1d 00 41 83 ff 01 f3 0f 10 03 48 89 c2 

Register to memory mapping:

RAX=0x0000000000000001 is an unknown value
RBX=0x00007ff572100000 is an unknown value
RCX=0x000070000e06cbb4 is pointing into the stack for thread: 0x00007ff57149c800
RDX=0x0000000000000004 is an unknown value
RSP=0x000070000e06cb20 is pointing into the stack for thread: 0x00007ff57149c800
RBP=0x000070000e06cbb0 is pointing into the stack for thread: 0x00007ff57149c800
RSI=0x0000000000000001 is an unknown value
RDI=0x000070000e06cc30 is pointing into the stack for thread: 0x00007ff57149c800
R8 =0x0000000000000004 is an unknown value
R9 =0x000070000e06cbb4 is pointing into the stack for thread: 0x00007ff57149c800
R10=0x0000000000000001 is an unknown value
R11=0xfffff00aa020fbf4 is an unknown value
R12=0x0000000000000002 is an unknown value
R13=0x0000000000000001 is an unknown value
R14=0x00007ff56de5d030 is an unknown value
R15=0x0000000000000008 is an unknown value


Stack: [0x000070000df6e000,0x000070000e06e000],  sp=0x000070000e06cb20,  free space=1018k
Native frames: (J=compiled Java code, j=interpreted, Vv=VM code, C=native code)
C  [libnd4jcpu.dylib+0x344c3f]  float functions::reduce::ReduceFunction<float>::execScalar<simdOps::Max<float> >(float*, int*, float*)+0x56f
C  0x00000000ffffffff

Java frames: (J=compiled Java code, j=interpreted, Vv=VM code)
J 6063  org.nd4j.nativeblas.Nd4jCpu$NativeOps.execReduceScalarFloat(Lorg/bytedeco/javacpp/PointerPointer;ILorg/bytedeco/javacpp/FloatPointer;Lorg/bytedeco/javacpp/IntPointer;Lorg/bytedeco/javacpp/FloatPointer;)F (0 bytes) @ 0x00000001115e2ccf [0x00000001115e2c40+0x8f]
J 5724 C1 org.nd4j.linalg.cpu.nativecpu.ops.NativeOpExecutioner.exec(Lorg/nd4j/linalg/api/ops/Accumulation;[I)Lorg/nd4j/linalg/api/ndarray/INDArray; (2969 bytes) @ 0x0000000111dbfc14 [0x0000000111dba480+0x5794]
j  org.nd4j.linalg.api.ndarray.BaseNDArray.max([I)Lorg/nd4j/linalg/api/ndarray/INDArray;+12
j  org.nd4j.linalg.factory.Nd4j.max(Lorg/nd4j/linalg/api/ndarray/INDArray;)Lorg/nd4j/linalg/api/ndarray/INDArray;+9
j  com.gifty.util.NaiveBayes$$anonfun$6$$anonfun$apply$7$$anonfun$apply$8$$anonfun$11.apply(Lscala/collection/Seq;)Lorg/nd4j/linalg/api/ndarray/INDArray;+22
j  com.gifty.util.NaiveBayes$$anonfun$6$$anonfun$apply$7$$anonfun$apply$8$$anonfun$11.apply(Ljava/lang/Object;)Ljava/lang/Object;+5
J 5867 C1 scala.util.Success$$anonfun$map$1.apply()Ljava/lang/Object; (17 bytes) @ 0x0000000111e1fe44 [0x0000000111e1fdc0+0x84]
J 5273 C1 scala.util.Try$.apply(Lscala/Function0;)Lscala/util/Try; (49 bytes) @ 0x0000000111ccbcf4 [0x0000000111ccbc40+0xb4]
J 5652 C1 scala.util.Success.map(Lscala/Function1;)Lscala/util/Try; (16 bytes) @ 0x0000000111db54f4 [0x0000000111db5400+0xf4]
J 5709 C1 scala.concurrent.Future$$anonfun$map$1.apply(Ljava/lang/Object;)Ljava/lang/Object; (9 bytes) @ 0x00000001115c12ec [0x00000001115c1240+0xac]
J 5646 C1 scala.concurrent.impl.CallbackRunnable.run()V (74 bytes) @ 0x0000000111dae884 [0x0000000111dae7e0+0xa4]
j  java.util.concurrent.ThreadPoolExecutor.runWorker(Ljava/util/concurrent/ThreadPoolExecutor$Worker;)V+95
j  java.util.concurrent.ThreadPoolExecutor$Worker.run()V+5
j  java.lang.Thread.run()V+11
v  ~StubRoutines::call_stub

---------------  P R O C E S S  ---------------

Java Threads: ( => current thread )
  0x00007ff57072b800 JavaThread "AsyncExecutor.default-20" daemon [_thread_blocked, id=50435, stack(0x000070000fb63000,0x000070000fc63000)]
  0x00007ff57017d000 JavaThread "AsyncExecutor.default-19" daemon [_thread_blocked, id=49923, stack(0x000070000fa60000,0x000070000fb60000)]
  0x00007ff571bd3800 JavaThread "AsyncExecutor.default-18" daemon [_thread_blocked, id=49411, stack(0x000070000f95d000,0x000070000fa5d000)]
  0x00007ff570ccf000 JavaThread "AsyncExecutor.default-17" daemon [_thread_blocked, id=48899, stack(0x000070000f85a000,0x000070000f95a000)]
  0x00007ff570178800 JavaThread "AsyncExecutor.default-16" daemon [_thread_blocked, id=48387, stack(0x000070000f757000,0x000070000f857000)]
  0x00007ff570179800 JavaThread "AsyncExecutor.default-15" daemon [_thread_blocked, id=47875, stack(0x000070000f654000,0x000070000f754000)]
  0x00007ff570cce000 JavaThread "AsyncExecutor.default-14" daemon [_thread_blocked, id=47363, stack(0x000070000f551000,0x000070000f651000)]
  0x00007ff571b1a000 JavaThread "AsyncExecutor.default-13" daemon [_thread_blocked, id=46851, stack(0x000070000f44e000,0x000070000f54e000)]
  0x00007ff571207800 JavaThread "AsyncExecutor.default-12" daemon [_thread_blocked, id=46339, stack(0x000070000f34b000,0x000070000f44b000)]
  0x00007ff571455000 JavaThread "AsyncExecutor.default-11" daemon [_thread_blocked, id=45827, stack(0x000070000f248000,0x000070000f348000)]
  0x00007ff570177800 JavaThread "AsyncExecutor.default-10" daemon [_thread_blocked, id=45315, stack(0x000070000f145000,0x000070000f245000)]
  0x00007ff570413800 JavaThread "AsyncExecutor.default-9" daemon [_thread_blocked, id=44803, stack(0x000070000f042000,0x000070000f142000)]
  0x00007ff571a6a000 JavaThread "AsyncExecutor.default-8" daemon [_thread_blocked, id=44291, stack(0x000070000ef3f000,0x000070000f03f000)]
  0x00007ff570c43800 JavaThread "AsyncExecutor.default-7" daemon [_thread_blocked, id=43523, stack(0x000070000ed36000,0x000070000ee36000)]
  0x00007ff570298000 JavaThread "AsyncExecutor.default-6" daemon [_thread_blocked, id=41475, stack(0x000070000e921000,0x000070000ea21000)]
  0x00007ff570c42800 JavaThread "pool-1-thread-9" [_thread_in_native, id=37123, stack(0x000070000e071000,0x000070000e171000)]
=>0x00007ff57149c800 JavaThread "pool-1-thread-10" [_thread_in_native, id=36611, stack(0x000070000df6e000,0x000070000e06e000)]
  0x00007ff57149c000 JavaThread "pool-1-thread-8" [_thread_in_native, id=36099, stack(0x000070000de6b000,0x000070000df6b000)]
  0x00007ff57149b000 JavaThread "pool-1-thread-7" [_thread_blocked, id=35587, stack(0x000070000dd68000,0x000070000de68000)]
  0x00007ff5708ee800 JavaThread "pool-1-thread-6" [_thread_blocked, id=35075, stack(0x000070000dc65000,0x000070000dd65000)]
  0x00007ff57149a800 JavaThread "pool-1-thread-5" [_thread_blocked, id=34563, stack(0x000070000db62000,0x000070000dc62000)]
  0x00007ff571a02000 JavaThread "AsyncExecutor.default-5" daemon [_thread_blocked, id=34051, stack(0x000070000da5f000,0x000070000db5f000)]
  0x00007ff5711ce000 JavaThread "pool-1-thread-4" [_thread_in_vm, id=33539, stack(0x000070000d95c000,0x000070000da5c000)]
  0x00007ff571825000 JavaThread "AsyncExecutor.default-4" daemon [_thread_blocked, id=33027, stack(0x000070000d859000,0x000070000d959000)]
  0x00007ff570cd5000 JavaThread "pool-1-thread-3" [_thread_blocked, id=32515, stack(0x000070000d756000,0x000070000d856000)]
  0x00007ff5700e0000 JavaThread "AsyncExecutor.default-3" daemon [_thread_blocked, id=32003, stack(0x000070000d653000,0x000070000d753000)]
  0x00007ff5708db000 JavaThread "JavaCPP Deallocator" daemon [_thread_blocked, id=30979, stack(0x000070000d550000,0x000070000d650000)]
  0x00007ff570a5e000 JavaThread "Workspace deallocator thread" daemon [_thread_blocked, id=21003, stack(0x000070000c011000,0x000070000c111000)]
  0x00007ff5708fa000 JavaThread "pool-1-thread-2" [_thread_blocked, id=30467, stack(0x000070000d44d000,0x000070000d54d000)]
  0x00007ff57052f800 JavaThread "AsyncExecutor.default-2" daemon [_thread_blocked, id=29955, stack(0x000070000d34a000,0x000070000d44a000)]
  0x00007ff571813800 JavaThread "default-akka.actor.default-dispatcher-10" [_thread_blocked, id=28935, stack(0x000070000d144000,0x000070000d244000)]
  0x00007ff570bf0800 JavaThread "default-akka.actor.default-dispatcher-9" [_thread_blocked, id=28419, stack(0x000070000d041000,0x000070000d141000)]
  0x00007ff56c6ab000 JavaThread "default-akka.actor.default-dispatcher-8" [_thread_blocked, id=27907, stack(0x000070000cf3e000,0x000070000d03e000)]
  0x00007ff56ce4f000 JavaThread "default-akka.actor.default-dispatcher-7" [_thread_blocked, id=27395, stack(0x000070000ce3b000,0x000070000cf3b000)]
  0x00007ff56e628800 JavaThread "default-akka.io.pinned-dispatcher-6" [_thread_in_native, id=26883, stack(0x000070000cd38000,0x000070000ce38000)]
  0x00007ff56bff7800 JavaThread "ForkJoinPool-3-worker-5" daemon [_thread_blocked, id=26371, stack(0x000070000cc35000,0x000070000cd35000)]
  0x00007ff56f8f6000 JavaThread "DestroyJavaVM" [_thread_blocked, id=6915, stack(0x000070000ae5b000,0x000070000af5b000)]
  0x00007ff56c752800 JavaThread "ForkJoinPool-3-worker-7" daemon [_thread_blocked, id=25859, stack(0x000070000cb32000,0x000070000cc32000)]
  0x00007ff56b9f4800 JavaThread "default-akka.actor.default-dispatcher-5" [_thread_blocked, id=25347, stack(0x000070000ca2f000,0x000070000cb2f000)]
  0x00007ff56d174800 JavaThread "default-akka.actor.default-dispatcher-4" [_thread_blocked, id=24835, stack(0x000070000c92c000,0x000070000ca2c000)]
  0x00007ff56cb35000 JavaThread "default-akka.actor.default-dispatcher-3" [_thread_blocked, id=24323, stack(0x000070000c829000,0x000070000c929000)]
  0x00007ff56cb34000 JavaThread "default-akka.actor.default-dispatcher-2" [_thread_blocked, id=23811, stack(0x000070000c726000,0x000070000c826000)]
  0x00007ff56cb2f000 JavaThread "default-scheduler-1" [_thread_blocked, id=5127, stack(0x000070000c623000,0x000070000c723000)]
  0x00007ff56d175800 JavaThread "pool-1-thread-1" [_thread_blocked, id=15879, stack(0x000070000c520000,0x000070000c620000)]
  0x00007ff56c465000 JavaThread "AsyncExecutor.default-1" daemon [_thread_blocked, id=23043, stack(0x000070000c41d000,0x000070000c51d000)]
  0x00007ff56ba6f800 JavaThread "redis-client-akka.io.pinned-dispatcher-6" [_thread_in_native, id=22531, stack(0x000070000c31a000,0x000070000c41a000)]
  0x00007ff56d233800 JavaThread "redis-client-akka.actor.default-dispatcher-5" [_thread_blocked, id=22019, stack(0x000070000c217000,0x000070000c317000)]
  0x00007ff56d21a000 JavaThread "redis-client-akka.actor.default-dispatcher-4" [_thread_blocked, id=21507, stack(0x000070000c114000,0x000070000c214000)]
  0x00007ff56cbf1000 JavaThread "redis-client-akka.actor.default-dispatcher-2" [_thread_blocked, id=20483, stack(0x000070000bf0e000,0x000070000c00e000)]
  0x00007ff56d1e5000 JavaThread "redis-client-scheduler-1" [_thread_blocked, id=19971, stack(0x000070000be0b000,0x000070000bf0b000)]
  0x00007ff56c97c800 JavaThread "Service Thread" daemon [_thread_blocked, id=18947, stack(0x000070000bc05000,0x000070000bd05000)]
  0x00007ff56c1bb000 JavaThread "C1 CompilerThread2" daemon [_thread_blocked, id=18435, stack(0x000070000bb02000,0x000070000bc02000)]
  0x00007ff56c1ba000 JavaThread "C2 CompilerThread1" daemon [_thread_in_native, id=17923, stack(0x000070000b9ff000,0x000070000baff000)]
  0x00007ff56c1b9800 JavaThread "C2 CompilerThread0" daemon [_thread_in_native, id=17411, stack(0x000070000b8fc000,0x000070000b9fc000)]
  0x00007ff56c972800 JavaThread "Monitor Ctrl-Break" daemon [_thread_in_native, id=16899, stack(0x000070000b7f9000,0x000070000b8f9000)]
  0x00007ff56c807800 JavaThread "Signal Dispatcher" daemon [_thread_blocked, id=16387, stack(0x000070000b6f6000,0x000070000b7f6000)]
  0x00007ff56c826800 JavaThread "Finalizer" daemon [_thread_blocked, id=12291, stack(0x000070000b570000,0x000070000b670000)]
  0x00007ff56c820000 JavaThread "Reference Handler" daemon [_thread_blocked, id=11779, stack(0x000070000b46d000,0x000070000b56d000)]

Other Threads:
  0x00007ff56c012800 VMThread [stack: 0x000070000b36a000,0x000070000b46a000] [id=11267]
  0x00007ff56b97c800 WatcherThread [stack: 0x000070000bd08000,0x000070000be08000] [id=19459]

VM state:not at safepoint (normal execution)

VM Mutex/Monitor currently owned by a thread:  ([mutex/lock_event])
[0x00007ff56b50d580] CompiledIC_lock - owner thread: 0x00007ff5711ce000

Heap:
 PSYoungGen      total 148480K, used 124090K [0x00000007aab00000, 0x00000007b6100000, 0x00000007c0000000)
  eden space 136704K, 89% used [0x00000007aab00000,0x00000007b22669d0,0x00000007b3080000)
  from space 11776K, 15% used [0x00000007b3080000,0x00000007b3248010,0x00000007b3c00000)
  to   space 11776K, 0% used [0x00000007b5580000,0x00000007b5580000,0x00000007b6100000)
 ParOldGen       total 40960K, used 17828K [0x0000000780000000, 0x0000000782800000, 0x00000007aab00000)
  object space 40960K, 43% used [0x0000000780000000,0x0000000781169288,0x0000000782800000)
 Metaspace       used 52039K, capacity 52236K, committed 52440K, reserved 1095680K
  class space    used 6731K, capacity 6799K, committed 6912K, reserved 1048576K

Card table byte_map: [0x0000000120354000,0x0000000120555000] byte_map_base: 0x000000011c754000

Marking Bits: (ParMarkBitMap*) 0x00000001108e6eb0
 Begin Bits: [0x0000000120555000, 0x0000000121555000)
 End Bits:   [0x0000000121555000, 0x0000000122555000)

Polling page: 0x000000010f491000

CodeCache: size=245760Kb used=15798Kb max_used=15804Kb free=229961Kb
 bounds [0x0000000110f94000, 0x0000000111f44000, 0x000000011ff94000]
 total_blobs=6597 nmethods=5528 adapters=981
 compilation: enabled

Compilation events (10 events):
Event: 32.459 Thread 0x00007ff56c1bb000 6119       3       org.postgresql.core.Parser::checkParsePosition (44 bytes)
Event: 32.461 Thread 0x00007ff56c1bb000 nmethod 6119 0x000000011161cf90 code [0x000000011161d1a0, 0x000000011161dd88]
Event: 32.465 Thread 0x00007ff56c1ba000 nmethod 6118 0x000000011160e490 code [0x000000011160e600, 0x000000011160e758]
Event: 32.465 Thread 0x00007ff56c1ba000 6113       4       slick.util.TreePrinter$$anonfun$slick$util$TreePrinter$$dump$1$2::apply (450 bytes)
Event: 32.474 Thread 0x00007ff56c1bb000 6120       1       org.bytedeco.javacpp.Pointer::position (5 bytes)
Event: 32.474 Thread 0x00007ff56c1bb000 nmethod 6120 0x00000001115d6a50 code [0x00000001115d6ba0, 0x00000001115d6cb0]
Event: 32.475 Thread 0x00007ff56c1bb000 6121       3       org.nd4j.linalg.api.ops.BaseScalarOp::<init> (45 bytes)
Event: 32.475 Thread 0x00007ff56c1bb000 nmethod 6121 0x000000011169d310 code [0x000000011169d4c0, 0x000000011169db48]
Event: 32.509 Thread 0x00007ff56c1bb000 6122       3       scala.math.Ordering$$anon$5::compare (30 bytes)
Event: 32.509 Thread 0x00007ff56c1bb000 nmethod 6122 0x0000000111604510 code [0x00000001116046a0, 0x0000000111604a68]

GC Heap History (10 events):
Event: 16.980 GC heap before
{Heap before GC invocations=17 (full 2):
 PSYoungGen      total 92160K, used 91976K [0x00000007aab00000, 0x00000007b1480000, 0x00000007c0000000)
  eden space 87552K, 100% used [0x00000007aab00000,0x00000007b0080000,0x00000007b0080000)
  from space 4608K, 96% used [0x00000007b1000000,0x00000007b14520d8,0x00000007b1480000)
  to   space 6656K, 0% used [0x00000007b0780000,0x00000007b0780000,0x00000007b0e00000)
 ParOldGen       total 40960K, used 8248K [0x0000000780000000, 0x0000000782800000, 0x00000007aab00000)
  object space 40960K, 20% used [0x0000000780000000,0x000000078080e110,0x0000000782800000)
 Metaspace       used 38202K, capacity 38472K, committed 38744K, reserved 1083392K
  class space    used 5357K, capacity 5454K, committed 5504K, reserved 1048576K
Event: 16.987 GC heap after
Heap after GC invocations=17 (full 2):
 PSYoungGen      total 101376K, used 793K [0x00000007aab00000, 0x00000007b2b00000, 0x00000007c0000000)
  eden space 94720K, 0% used [0x00000007aab00000,0x00000007aab00000,0x00000007b0780000)
  from space 6656K, 11% used [0x00000007b0780000,0x00000007b0846600,0x00000007b0e00000)
  to   space 6656K, 0% used [0x00000007b2480000,0x00000007b2480000,0x00000007b2b00000)
 ParOldGen       total 40960K, used 8921K [0x0000000780000000, 0x0000000782800000, 0x00000007aab00000)
  object space 40960K, 21% used [0x0000000780000000,0x00000007808b67b8,0x0000000782800000)
 Metaspace       used 38202K, capacity 38472K, committed 38744K, reserved 1083392K
  class space    used 5357K, capacity 5454K, committed 5504K, reserved 1048576K
}
Event: 24.502 GC heap before
{Heap before GC invocations=18 (full 2):
 PSYoungGen      total 101376K, used 95513K [0x00000007aab00000, 0x00000007b2b00000, 0x00000007c0000000)
  eden space 94720K, 100% used [0x00000007aab00000,0x00000007b0780000,0x00000007b0780000)
  from space 6656K, 11% used [0x00000007b0780000,0x00000007b0846600,0x00000007b0e00000)
  to   space 6656K, 0% used [0x00000007b2480000,0x00000007b2480000,0x00000007b2b00000)
 ParOldGen       total 40960K, used 8921K [0x0000000780000000, 0x0000000782800000, 0x00000007aab00000)
  object space 40960K, 21% used [0x0000000780000000,0x00000007808b67b8,0x0000000782800000)
 Metaspace       used 42927K, capacity 43144K, committed 43352K, reserved 1087488K
  class space    used 6079K, capacity 6158K, committed 6272K, reserved 1048576K
Event: 24.523 GC heap after
Heap after GC invocations=18 (full 2):
 PSYoungGen      total 122368K, used 6628K [0x00000007aab00000, 0x00000007b3580000, 0x00000007c0000000)
  eden space 115712K, 0% used [0x00000007aab00000,0x00000007aab00000,0x00000007b1c00000)
  from space 6656K, 99% used [0x00000007b2480000,0x00000007b2af9028,0x00000007b2b00000)
  to   space 8704K, 0% used [0x00000007b1c00000,0x00000007b1c00000,0x00000007b2480000)
 ParOldGen       total 40960K, used 11339K [0x0000000780000000, 0x0000000782800000, 0x00000007aab00000)
  object space 40960K, 27% used [0x0000000780000000,0x0000000780b12cf8,0x0000000782800000)
 Metaspace       used 42927K, capacity 43144K, committed 43352K, reserved 1087488K
  class space    used 6079K, capacity 6158K, committed 6272K, reserved 1048576K
}
Event: 26.118 GC heap before
{Heap before GC invocations=19 (full 2):
 PSYoungGen      total 122368K, used 122340K [0x00000007aab00000, 0x00000007b3580000, 0x00000007c0000000)
  eden space 115712K, 100% used [0x00000007aab00000,0x00000007b1c00000,0x00000007b1c00000)
  from space 6656K, 99% used [0x00000007b2480000,0x00000007b2af9028,0x00000007b2b00000)
  to   space 8704K, 0% used [0x00000007b1c00000,0x00000007b1c00000,0x00000007b2480000)
 ParOldGen       total 40960K, used 11339K [0x0000000780000000, 0x0000000782800000, 0x00000007aab00000)
  object space 40960K, 27% used [0x0000000780000000,0x0000000780b12cf8,0x0000000782800000)
 Metaspace       used 44725K, capacity 44936K, committed 45272K, reserved 1087488K
  class space    used 6259K, capacity 6350K, committed 6400K, reserved 1048576K
Event: 26.134 GC heap after
Heap after GC invocations=19 (full 2):
 PSYoungGen      total 124416K, used 1608K [0x00000007aab00000, 0x00000007b4480000, 0x00000007c0000000)
  eden space 115712K, 0% used [0x00000007aab00000,0x00000007aab00000,0x00000007b1c00000)
  from space 8704K, 18% used [0x00000007b1c00000,0x00000007b1d92278,0x00000007b2480000)
  to   space 8704K, 0% used [0x00000007b3c00000,0x00000007b3c00000,0x00000007b4480000)
 ParOldGen       total 40960K, used 12463K [0x0000000780000000, 0x0000000782800000, 0x00000007aab00000)
  object space 40960K, 30% used [0x0000000780000000,0x0000000780c2bc18,0x0000000782800000)
 Metaspace       used 44725K, capacity 44936K, committed 45272K, reserved 1087488K
  class space    used 6259K, capacity 6350K, committed 6400K, reserved 1048576K
}
Event: 28.006 GC heap before
{Heap before GC invocations=20 (full 2):
 PSYoungGen      total 124416K, used 117320K [0x00000007aab00000, 0x00000007b4480000, 0x00000007c0000000)
  eden space 115712K, 100% used [0x00000007aab00000,0x00000007b1c00000,0x00000007b1c00000)
  from space 8704K, 18% used [0x00000007b1c00000,0x00000007b1d92278,0x00000007b2480000)
  to   space 8704K, 0% used [0x00000007b3c00000,0x00000007b3c00000,0x00000007b4480000)
 ParOldGen       total 40960K, used 12463K [0x0000000780000000, 0x0000000782800000, 0x00000007aab00000)
  object space 40960K, 30% used [0x0000000780000000,0x0000000780c2bc18,0x0000000782800000)
 Metaspace       used 50560K, capacity 50790K, committed 51032K, reserved 1093632K
  class space    used 6691K, capacity 6766K, committed 6784K, reserved 1048576K
Event: 28.028 GC heap after
Heap after GC invocations=20 (full 2):
 PSYoungGen      total 145408K, used 8674K [0x00000007aab00000, 0x00000007b4b00000, 0x00000007c0000000)
  eden space 136704K, 0% used [0x00000007aab00000,0x00000007aab00000,0x00000007b3080000)
  from space 8704K, 99% used [0x00000007b3c00000,0x00000007b4478930,0x00000007b4480000)
  to   space 11776K, 0% used [0x00000007b3080000,0x00000007b3080000,0x00000007b3c00000)
 ParOldGen       total 40960K, used 17312K [0x0000000780000000, 0x0000000782800000, 0x00000007aab00000)
  object space 40960K, 42% used [0x0000000780000000,0x00000007810e8380,0x0000000782800000)
 Metaspace       used 50560K, capacity 50790K, committed 51032K, reserved 1093632K
  class space    used 6691K, capacity 6766K, committed 6784K, reserved 1048576K
}
Event: 30.754 GC heap before
{Heap before GC invocations=21 (full 2):
 PSYoungGen      total 145408K, used 145378K [0x00000007aab00000, 0x00000007b4b00000, 0x00000007c0000000)
  eden space 136704K, 100% used [0x00000007aab00000,0x00000007b3080000,0x00000007b3080000)
  from space 8704K, 99% used [0x00000007b3c00000,0x00000007b4478930,0x00000007b4480000)
  to   space 11776K, 0% used [0x00000007b3080000,0x00000007b3080000,0x00000007b3c00000)
 ParOldGen       total 40960K, used 17312K [0x0000000780000000, 0x0000000782800000, 0x00000007aab00000)
  object space 40960K, 42% used [0x0000000780000000,0x00000007810e8380,0x0000000782800000)
 Metaspace       used 51639K, capacity 51852K, committed 52184K, reserved 1095680K
  class space    used 6729K, capacity 6799K, committed 6912K, reserved 1048576K
Event: 30.762 GC heap after
Heap after GC invocations=21 (full 2):
 PSYoungGen      total 148480K, used 1824K [0x00000007aab00000, 0x00000007b6100000, 0x00000007c0000000)
  eden space 136704K, 0% used [0x00000007aab00000,0x00000007aab00000,0x00000007b3080000)
  from space 11776K, 15% used [0x00000007b3080000,0x00000007b3248010,0x00000007b3c00000)
  to   space 11776K, 0% used [0x00000007b5580000,0x00000007b5580000,0x00000007b6100000)
 ParOldGen       total 40960K, used 17828K [0x0000000780000000, 0x0000000782800000, 0x00000007aab00000)
  object space 40960K, 43% used [0x0000000780000000,0x0000000781169288,0x0000000782800000)
 Metaspace       used 51639K, capacity 51852K, committed 52184K, reserved 1095680K
  class space    used 6729K, capacity 6799K, committed 6912K, reserved 1048576K
}

Deoptimization events (10 events):
Event: 25.971 Thread 0x00007ff5708fa000 Uncommon trap: reason=bimorphic action=maybe_recompile pc=0x00000001118f616c method=java.util.regex.Pattern$Slice.match(Ljava/util/regex/Matcher;ILjava/lang/CharSequence;)Z @ 75
Event: 25.971 Thread 0x00007ff5708fa000 Uncommon trap: reason=bimorphic action=maybe_recompile pc=0x00000001118f616c method=java.util.regex.Pattern$Slice.match(Ljava/util/regex/Matcher;ILjava/lang/CharSequence;)Z @ 75
Event: 25.971 Thread 0x00007ff5708fa000 Uncommon trap: reason=bimorphic action=maybe_recompile pc=0x00000001118f616c method=java.util.regex.Pattern$Slice.match(Ljava/util/regex/Matcher;ILjava/lang/CharSequence;)Z @ 75
Event: 26.084 Thread 0x00007ff5708fa000 Uncommon trap: reason=class_check action=maybe_recompile pc=0x00000001118b2384 method=org.reflections.scanners.AbstractScanner.acceptResult(Ljava/lang/String;)Z @ 9
Event: 26.085 Thread 0x00007ff5708fa000 Uncommon trap: reason=class_check action=maybe_recompile pc=0x00000001118b2384 method=org.reflections.scanners.AbstractScanner.acceptResult(Ljava/lang/String;)Z @ 9
Event: 26.089 Thread 0x00007ff5708fa000 Uncommon trap: reason=class_check action=maybe_recompile pc=0x00000001118b2384 method=org.reflections.scanners.AbstractScanner.acceptResult(Ljava/lang/String;)Z @ 9
Event: 26.089 Thread 0x00007ff5708fa000 Uncommon trap: reason=class_check action=maybe_recompile pc=0x00000001118b2384 method=org.reflections.scanners.AbstractScanner.acceptResult(Ljava/lang/String;)Z @ 9
Event: 26.864 Thread 0x00007ff5708fa000 Uncommon trap: reason=unloaded action=reinterpret pc=0x00000001119812a0 method=javassist.bytecode.AttributeInfo.read(Ljavassist/bytecode/ConstPool;Ljava/io/DataInputStream;)Ljavassist/bytecode/AttributeInfo; @ 150
Event: 27.184 Thread 0x00007ff5708fa000 Uncommon trap: reason=unstable_if action=reinterpret pc=0x0000000111a081a8 method=javassist.bytecode.AttributeInfo.read(Ljavassist/bytecode/ConstPool;Ljava/io/DataInputStream;)Ljavassist/bytecode/AttributeInfo; @ 27
Event: 27.191 Thread 0x00007ff5708fa000 Uncommon trap: reason=unstable_if action=reinterpret pc=0x000000011195347c method=java.io.DataInputStream.readUTF(Ljava/io/DataInput;)Ljava/lang/String; @ 112

Internal exceptions (10 events):
Event: 4.035 Thread 0x00007ff56d21a000 Exception <a 'java/lang/ArrayIndexOutOfBoundsException'> (0x00000007aab78190) thrown at [/Users/java_re/workspace/8-2-build-macosx-x86_64/jdk8u91/6644/hotspot/src/share/vm/runtime/sharedRuntime.cpp, line 605]
Event: 4.126 Thread 0x00007ff56ba95800 Exception <a 'java/lang/NoSuchFieldError': method resolution failed> (0x00000007ab06f1e8) thrown at [/Users/java_re/workspace/8-2-build-macosx-x86_64/jdk8u91/6644/hotspot/src/share/vm/prims/methodHandles.cpp, line 1146]
Event: 4.129 Thread 0x00007ff56ba95800 Exception <a 'java/lang/NoSuchFieldError': method resolution failed> (0x00000007ab07d170) thrown at [/Users/java_re/workspace/8-2-build-macosx-x86_64/jdk8u91/6644/hotspot/src/share/vm/prims/methodHandles.cpp, line 1146]
Event: 4.176 Thread 0x00007ff56d21a000 Exception <a 'java/lang/ArrayIndexOutOfBoundsException'> (0x00000007ab26f330) thrown at [/Users/java_re/workspace/8-2-build-macosx-x86_64/jdk8u91/6644/hotspot/src/share/vm/runtime/sharedRuntime.cpp, line 605]
Event: 4.782 Thread 0x00007ff56b813800 Exception <a 'java/io/FileNotFoundException'> (0x00000007ab27d2d0) thrown at [/Users/java_re/workspace/8-2-build-macosx-x86_64/jdk8u91/6644/hotspot/src/share/vm/prims/jni.cpp, line 709]
Event: 4.906 Thread 0x00007ff56b813800 Exception <a 'java/lang/NoSuchMethodError': org.slf4j.impl.StaticMDCBinder.getSingleton()Lorg/slf4j/impl/StaticMDCBinder;> (0x00000007ab4e23a8) thrown at [/Users/java_re/workspace/8-2-build-macosx-x86_64/jdk8u91/6644/hotspot/src/share/vm/interpreter/linkR
Event: 10.511 Thread 0x00007ff56b813800 Exception <a 'java/lang/ArrayIndexOutOfBoundsException'> (0x00000007ac5643f8) thrown at [/Users/java_re/workspace/8-2-build-macosx-x86_64/jdk8u91/6644/hotspot/src/share/vm/runtime/sharedRuntime.cpp, line 605]
Event: 13.085 Thread 0x00007ff56d174800 Exception <a 'java/lang/ArrayIndexOutOfBoundsException'> (0x00000007ab07b130) thrown at [/Users/java_re/workspace/8-2-build-macosx-x86_64/jdk8u91/6644/hotspot/src/share/vm/runtime/sharedRuntime.cpp, line 605]
Event: 24.497 Thread 0x00007ff5708fa000 Implicit null exception at 0x00000001118b6cf3 to 0x00000001118b772d
Event: 24.550 Thread 0x00007ff5708fa000 Implicit null exception at 0x00000001118b9bdb to 0x00000001118ba561

Events (10 events):
Event: 31.770 Thread 0x00007ff56c1bb000 flushing nmethod 0x00000001116e4f90
Event: 31.770 Thread 0x00007ff56c1bb000 flushing nmethod 0x00000001116ebb10
Event: 31.770 Thread 0x00007ff56c1bb000 flushing nmethod 0x0000000111706a90
Event: 31.771 Thread 0x00007ff56c1bb000 flushing nmethod 0x000000011178c650
Event: 31.771 Thread 0x00007ff56c1bb000 flushing nmethod 0x000000011179b990
Event: 31.771 Thread 0x00007ff56c1bb000 flushing nmethod 0x00000001117b7190
Event: 31.851 Thread 0x00007ff5708ee800 DEOPT PACKING pc=0x0000000111c988ed sp=0x000070000dd63e10
Event: 31.851 Thread 0x00007ff5708ee800 DEOPT UNPACKING pc=0x0000000110fdb633 sp=0x000070000dd63b08 mode 0
Event: 32.150 Executing VM operation: RevokeBias
Event: 32.150 Executing VM operation: RevokeBias done


Dynamic libraries:
0x0000000016079000 	/System/Library/Frameworks/Cocoa.framework/Versions/A/Cocoa
0x0000000016079000 	/System/Library/Frameworks/Security.framework/Versions/A/Security
0x0000000016079000 	/System/Library/Frameworks/ApplicationServices.framework/Versions/A/ApplicationServices
0x0000000016079000 	/usr/lib/libz.1.dylib
0x0000000016079000 	/usr/lib/libSystem.B.dylib
0x0000000016079000 	/usr/lib/libobjc.A.dylib
0x0000000016079000 	/System/Library/Frameworks/CoreFoundation.framework/Versions/A/CoreFoundation
0x0000000016079000 	/System/Library/Frameworks/Foundation.framework/Versions/C/Foundation
0x0000000016079000 	/System/Library/Frameworks/AppKit.framework/Versions/C/AppKit
0x0000000016079000 	/System/Library/Frameworks/CoreData.framework/Versions/A/CoreData
0x0000000016079000 	/System/Library/PrivateFrameworks/RemoteViewServices.framework/Versions/A/RemoteViewServices
0x0000000016079000 	/System/Library/PrivateFrameworks/UIFoundation.framework/Versions/A/UIFoundation
0x0000000016079000 	/System/Library/PrivateFrameworks/DFRFoundation.framework/Versions/A/DFRFoundation
0x0000000016079000 	/usr/lib/libenergytrace.dylib
0x0000000016079000 	/System/Library/PrivateFrameworks/SkyLight.framework/Versions/A/SkyLight
0x0000000016079000 	/System/Library/Frameworks/CoreGraphics.framework/Versions/A/CoreGraphics
0x0000000016079000 	/usr/lib/libScreenReader.dylib
0x0000000016079000 	/System/Library/Frameworks/Accelerate.framework/Versions/A/Accelerate
0x0000000016079000 	/System/Library/Frameworks/IOSurface.framework/Versions/A/IOSurface
0x0000000016079000 	/System/Library/Frameworks/AudioToolbox.framework/Versions/A/AudioToolbox
0x0000000016079000 	/System/Library/Frameworks/AudioUnit.framework/Versions/A/AudioUnit
0x0000000016079000 	/System/Library/PrivateFrameworks/DataDetectorsCore.framework/Versions/A/DataDetectorsCore
0x0000000016079000 	/System/Library/PrivateFrameworks/DesktopServicesPriv.framework/Versions/A/DesktopServicesPriv
0x0000000016079000 	/System/Library/Frameworks/Carbon.framework/Versions/A/Frameworks/HIToolbox.framework/Versions/A/HIToolbox
0x0000000016079000 	/usr/lib/libicucore.A.dylib
0x0000000016079000 	/System/Library/Frameworks/QuartzCore.framework/Versions/A/QuartzCore
0x0000000016079000 	/System/Library/Frameworks/Carbon.framework/Versions/A/Frameworks/SpeechRecognition.framework/Versions/A/SpeechRecognition
0x0000000016079000 	/usr/lib/libauto.dylib
0x0000000016079000 	/usr/lib/libxml2.2.dylib
0x0000000016079000 	/System/Library/PrivateFrameworks/CoreUI.framework/Versions/A/CoreUI
0x0000000016079000 	/System/Library/Frameworks/CoreAudio.framework/Versions/A/CoreAudio
0x0000000016079000 	/System/Library/Frameworks/DiskArbitration.framework/Versions/A/DiskArbitration
0x0000000016079000 	/usr/lib/liblangid.dylib
0x0000000016079000 	/System/Library/PrivateFrameworks/MultitouchSupport.framework/Versions/A/MultitouchSupport
0x0000000016079000 	/System/Library/Frameworks/IOKit.framework/Versions/A/IOKit
0x0000000016079000 	/usr/lib/libDiagnosticMessagesClient.dylib
0x0000000016079000 	/System/Library/Frameworks/CoreServices.framework/Versions/A/CoreServices
0x0000000016079000 	/System/Library/PrivateFrameworks/PerformanceAnalysis.framework/Versions/A/PerformanceAnalysis
0x0000000016079000 	/System/Library/PrivateFrameworks/GenerationalStorage.framework/Versions/A/GenerationalStorage
0x0000000016079000 	/System/Library/Frameworks/OpenGL.framework/Versions/A/OpenGL
0x0000000016079000 	/System/Library/Frameworks/CoreImage.framework/Versions/A/CoreImage
0x0000000016079000 	/System/Library/Frameworks/CoreText.framework/Versions/A/CoreText
0x0000000016079000 	/System/Library/Frameworks/ImageIO.framework/Versions/A/ImageIO
0x0000000016079000 	/System/Library/PrivateFrameworks/Backup.framework/Versions/A/Backup
0x0000000016079000 	/usr/lib/libarchive.2.dylib
0x0000000016079000 	/System/Library/Frameworks/CFNetwork.framework/Versions/A/CFNetwork
0x0000000016079000 	/System/Library/Frameworks/SystemConfiguration.framework/Versions/A/SystemConfiguration
0x0000000016079000 	/usr/lib/libCRFSuite.dylib
0x0000000016079000 	/usr/lib/libc++.1.dylib
0x0000000016079000 	/usr/lib/libc++abi.dylib
0x0000000016079000 	/usr/lib/system/libcache.dylib
0x0000000016079000 	/usr/lib/system/libcommonCrypto.dylib
0x0000000016079000 	/usr/lib/system/libcompiler_rt.dylib
0x0000000016079000 	/usr/lib/system/libcopyfile.dylib
0x0000000016079000 	/usr/lib/system/libcorecrypto.dylib
0x0000000016079000 	/usr/lib/system/libdispatch.dylib
0x0000000016079000 	/usr/lib/system/libdyld.dylib
0x0000000016079000 	/usr/lib/system/libkeymgr.dylib
0x0000000016079000 	/usr/lib/system/liblaunch.dylib
0x0000000016079000 	/usr/lib/system/libmacho.dylib
0x0000000016079000 	/usr/lib/system/libquarantine.dylib
0x0000000016079000 	/usr/lib/system/libremovefile.dylib
0x0000000016079000 	/usr/lib/system/libsystem_asl.dylib
0x0000000016079000 	/usr/lib/system/libsystem_blocks.dylib
0x0000000016079000 	/usr/lib/system/libsystem_c.dylib
0x0000000016079000 	/usr/lib/system/libsystem_configuration.dylib
0x0000000016079000 	/usr/lib/system/libsystem_coreservices.dylib
0x0000000016079000 	/usr/lib/system/libsystem_coretls.dylib
0x0000000016079000 	/usr/lib/system/libsystem_dnssd.dylib
0x0000000016079000 	/usr/lib/system/libsystem_info.dylib
0x0000000016079000 	/usr/lib/system/libsystem_kernel.dylib
0x0000000016079000 	/usr/lib/system/libsystem_m.dylib
0x0000000016079000 	/usr/lib/system/libsystem_malloc.dylib
0x0000000016079000 	/usr/lib/system/libsystem_network.dylib
0x0000000016079000 	/usr/lib/system/libsystem_networkextension.dylib
0x0000000016079000 	/usr/lib/system/libsystem_notify.dylib
0x0000000016079000 	/usr/lib/system/libsystem_platform.dylib
0x0000000016079000 	/usr/lib/system/libsystem_pthread.dylib
0x0000000016079000 	/usr/lib/system/libsystem_sandbox.dylib
0x0000000016079000 	/usr/lib/system/libsystem_secinit.dylib
0x0000000016079000 	/usr/lib/system/libsystem_symptoms.dylib
0x0000000016079000 	/usr/lib/system/libsystem_trace.dylib
0x0000000016079000 	/usr/lib/system/libunwind.dylib
0x0000000016079000 	/usr/lib/system/libxpc.dylib
0x0000000016079000 	/usr/lib/libbsm.0.dylib
0x0000000016079000 	/usr/lib/system/libkxld.dylib
0x0000000016079000 	/usr/lib/libcoretls.dylib
0x0000000016079000 	/usr/lib/libcoretls_cfhelpers.dylib
0x0000000016079000 	/usr/lib/libOpenScriptingUtil.dylib
0x0000000016079000 	/usr/lib/libpam.2.dylib
0x0000000016079000 	/usr/lib/libsqlite3.dylib
0x0000000016079000 	/usr/lib/libxar.1.dylib
0x0000000016079000 	/usr/lib/libbz2.1.0.dylib
0x0000000016079000 	/usr/lib/liblzma.5.dylib
0x0000000016079000 	/usr/lib/libnetwork.dylib
0x0000000016079000 	/usr/lib/libpcap.A.dylib
0x0000000016079000 	/System/Library/Frameworks/CoreServices.framework/Versions/A/Frameworks/FSEvents.framework/Versions/A/FSEvents
0x0000000016079000 	/System/Library/Frameworks/CoreServices.framework/Versions/A/Frameworks/CarbonCore.framework/Versions/A/CarbonCore
0x0000000016079000 	/System/Library/Frameworks/CoreServices.framework/Versions/A/Frameworks/Metadata.framework/Versions/A/Metadata
0x0000000016079000 	/System/Library/Frameworks/CoreServices.framework/Versions/A/Frameworks/OSServices.framework/Versions/A/OSServices
0x0000000016079000 	/System/Library/Frameworks/CoreServices.framework/Versions/A/Frameworks/SearchKit.framework/Versions/A/SearchKit
0x0000000016079000 	/System/Library/Frameworks/CoreServices.framework/Versions/A/Frameworks/AE.framework/Versions/A/AE
0x0000000016079000 	/System/Library/Frameworks/CoreServices.framework/Versions/A/Frameworks/LaunchServices.framework/Versions/A/LaunchServices
0x0000000016079000 	/System/Library/Frameworks/CoreServices.framework/Versions/A/Frameworks/DictionaryServices.framework/Versions/A/DictionaryServices
0x0000000016079000 	/System/Library/Frameworks/CoreServices.framework/Versions/A/Frameworks/SharedFileList.framework/Versions/A/SharedFileList
0x0000000016079000 	/System/Library/Frameworks/NetFS.framework/Versions/A/NetFS
0x0000000016079000 	/System/Library/PrivateFrameworks/NetAuth.framework/Versions/A/NetAuth
0x0000000016079000 	/System/Library/PrivateFrameworks/login.framework/Versions/A/Frameworks/loginsupport.framework/Versions/A/loginsupport
0x0000000016079000 	/System/Library/PrivateFrameworks/TCC.framework/Versions/A/TCC
0x0000000016079000 	/usr/lib/libmecabra.dylib
0x0000000016079000 	/System/Library/Frameworks/ApplicationServices.framework/Versions/A/Frameworks/ATS.framework/Versions/A/ATS
0x0000000016079000 	/System/Library/Frameworks/ApplicationServices.framework/Versions/A/Frameworks/ColorSync.framework/Versions/A/ColorSync
0x0000000016079000 	/System/Library/Frameworks/ApplicationServices.framework/Versions/A/Frameworks/HIServices.framework/Versions/A/HIServices
0x0000000016079000 	/System/Library/Frameworks/ApplicationServices.framework/Versions/A/Frameworks/LangAnalysis.framework/Versions/A/LangAnalysis
0x0000000016079000 	/System/Library/Frameworks/ApplicationServices.framework/Versions/A/Frameworks/PrintCore.framework/Versions/A/PrintCore
0x0000000016079000 	/System/Library/Frameworks/ApplicationServices.framework/Versions/A/Frameworks/QD.framework/Versions/A/QD
0x0000000016079000 	/System/Library/Frameworks/ApplicationServices.framework/Versions/A/Frameworks/SpeechSynthesis.framework/Versions/A/SpeechSynthesis
0x0000000016079000 	/System/Library/Frameworks/Accelerate.framework/Versions/A/Frameworks/vImage.framework/Versions/A/vImage
0x0000000016079000 	/System/Library/Frameworks/Accelerate.framework/Versions/A/Frameworks/vecLib.framework/Versions/A/vecLib
0x0000000016079000 	/System/Library/Frameworks/Accelerate.framework/Versions/A/Frameworks/vecLib.framework/Versions/A/libvDSP.dylib
0x0000000016079000 	/System/Library/Frameworks/Accelerate.framework/Versions/A/Frameworks/vecLib.framework/Versions/A/libBNNS.dylib
0x0000000016079000 	/System/Library/Frameworks/Accelerate.framework/Versions/A/Frameworks/vecLib.framework/Versions/A/libQuadrature.dylib
0x0000000016079000 	/System/Library/Frameworks/Accelerate.framework/Versions/A/Frameworks/vecLib.framework/Versions/A/libvMisc.dylib
0x0000000016079000 	/System/Library/Frameworks/Accelerate.framework/Versions/A/Frameworks/vecLib.framework/Versions/A/libLAPACK.dylib
0x0000000016079000 	/System/Library/Frameworks/Accelerate.framework/Versions/A/Frameworks/vecLib.framework/Versions/A/libBLAS.dylib
0x0000000016079000 	/System/Library/Frameworks/Accelerate.framework/Versions/A/Frameworks/vecLib.framework/Versions/A/libLinearAlgebra.dylib
0x0000000016079000 	/System/Library/Frameworks/Accelerate.framework/Versions/A/Frameworks/vecLib.framework/Versions/A/libSparseBLAS.dylib
0x0000000016079000 	/System/Library/Frameworks/ApplicationServices.framework/Versions/A/Frameworks/ATS.framework/Versions/A/Resources/libFontParser.dylib
0x0000000016079000 	/System/Library/Frameworks/ApplicationServices.framework/Versions/A/Frameworks/ATS.framework/Versions/A/Resources/libFontRegistry.dylib
0x0000000016079000 	/System/Library/Frameworks/ImageIO.framework/Versions/A/Resources/libJPEG.dylib
0x0000000016079000 	/System/Library/Frameworks/ImageIO.framework/Versions/A/Resources/libTIFF.dylib
0x0000000016079000 	/System/Library/Frameworks/ImageIO.framework/Versions/A/Resources/libPng.dylib
0x0000000016079000 	/System/Library/Frameworks/ImageIO.framework/Versions/A/Resources/libGIF.dylib
0x0000000016079000 	/System/Library/Frameworks/ImageIO.framework/Versions/A/Resources/libJP2.dylib
0x0000000016079000 	/System/Library/Frameworks/ImageIO.framework/Versions/A/Resources/libRadiance.dylib
0x0000000016079000 	/usr/lib/libcompression.dylib
0x0000000016079000 	/System/Library/PrivateFrameworks/AppleJPEG.framework/Versions/A/AppleJPEG
0x0000000016079000 	/usr/lib/libcups.2.dylib
0x0000000016079000 	/System/Library/Frameworks/Kerberos.framework/Versions/A/Kerberos
0x0000000016079000 	/System/Library/Frameworks/GSS.framework/Versions/A/GSS
0x0000000016079000 	/usr/lib/libresolv.9.dylib
0x0000000016079000 	/usr/lib/libiconv.2.dylib
0x0000000016079000 	/System/Library/PrivateFrameworks/Heimdal.framework/Versions/A/Heimdal
0x0000000016079000 	/usr/lib/libheimdal-asn1.dylib
0x0000000016079000 	/System/Library/Frameworks/OpenDirectory.framework/Versions/A/OpenDirectory
0x0000000016079000 	/System/Library/PrivateFrameworks/CommonAuth.framework/Versions/A/CommonAuth
0x0000000016079000 	/System/Library/Frameworks/OpenDirectory.framework/Versions/A/Frameworks/CFOpenDirectory.framework/Versions/A/CFOpenDirectory
0x0000000016079000 	/System/Library/Frameworks/SecurityFoundation.framework/Versions/A/SecurityFoundation
0x0000000016079000 	/System/Library/PrivateFrameworks/LanguageModeling.framework/Versions/A/LanguageModeling
0x0000000016079000 	/usr/lib/libmarisa.dylib
0x0000000016079000 	/usr/lib/libChineseTokenizer.dylib
0x0000000016079000 	/usr/lib/libcmph.dylib
0x0000000016079000 	/System/Library/PrivateFrameworks/CoreEmoji.framework/Versions/A/CoreEmoji
0x0000000016079000 	/System/Library/Frameworks/ServiceManagement.framework/Versions/A/ServiceManagement
0x0000000016079000 	/usr/lib/libxslt.1.dylib
0x0000000016079000 	/System/Library/Frameworks/Carbon.framework/Versions/A/Frameworks/Ink.framework/Versions/A/Ink
0x0000000016079000 	/System/Library/PrivateFrameworks/TextureIO.framework/Versions/A/TextureIO
0x0000000016079000 	/System/Library/Frameworks/Metal.framework/Versions/A/Metal
0x0000000016079000 	/usr/lib/libate.dylib
0x0000000016079000 	/System/Library/PrivateFrameworks/GPUCompiler.framework/libmetal_timestamp.dylib
0x0000000016079000 	/System/Library/Frameworks/OpenGL.framework/Versions/A/Libraries/libCoreFSCache.dylib
0x0000000016079000 	/System/Library/PrivateFrameworks/IOAccelerator.framework/Versions/A/IOAccelerator
0x0000000016079000 	/System/Library/Frameworks/CoreVideo.framework/Versions/A/CoreVideo
0x0000000016079000 	/usr/lib/libFosl_dynamic.dylib
0x0000000016079000 	/System/Library/PrivateFrameworks/MetalPerformanceShaders.framework/Versions/A/MetalPerformanceShaders
0x0000000016079000 	/System/Library/PrivateFrameworks/FaceCore.framework/Versions/A/FaceCore
0x0000000016079000 	/System/Library/Frameworks/OpenCL.framework/Versions/A/OpenCL
0x0000000016079000 	/System/Library/Frameworks/OpenGL.framework/Versions/A/Libraries/libGLU.dylib
0x0000000016079000 	/System/Library/Frameworks/OpenGL.framework/Versions/A/Libraries/libGFXShared.dylib
0x0000000016079000 	/System/Library/Frameworks/OpenGL.framework/Versions/A/Libraries/libGL.dylib
0x0000000016079000 	/System/Library/Frameworks/OpenGL.framework/Versions/A/Libraries/libGLImage.dylib
0x0000000016079000 	/System/Library/Frameworks/OpenGL.framework/Versions/A/Libraries/libCVMSPluginSupport.dylib
0x0000000016079000 	/System/Library/Frameworks/OpenGL.framework/Versions/A/Libraries/libCoreVMClient.dylib
0x0000000016079000 	/System/Library/PrivateFrameworks/CrashReporterSupport.framework/Versions/A/CrashReporterSupport
0x0000000016079000 	/System/Library/PrivateFrameworks/Sharing.framework/Versions/A/Sharing
0x0000000016079000 	/System/Library/PrivateFrameworks/IconServices.framework/Versions/A/IconServices
0x0000000016079000 	/System/Library/PrivateFrameworks/ProtocolBuffer.framework/Versions/A/ProtocolBuffer
0x0000000016079000 	/System/Library/PrivateFrameworks/Apple80211.framework/Versions/A/Apple80211
0x0000000016079000 	/System/Library/Frameworks/CoreWLAN.framework/Versions/A/CoreWLAN
0x0000000016079000 	/System/Library/PrivateFrameworks/CoreUtils.framework/Versions/A/CoreUtils
0x0000000016079000 	/System/Library/Frameworks/IOBluetooth.framework/Versions/A/IOBluetooth
0x0000000016079000 	/System/Library/PrivateFrameworks/CoreWiFi.framework/Versions/A/CoreWiFi
0x0000000016079000 	/System/Library/Frameworks/CoreBluetooth.framework/Versions/A/CoreBluetooth
0x0000000016079000 	/System/Library/Frameworks/CoreDisplay.framework/Versions/A/CoreDisplay
0x0000000016079000 	/System/Library/PrivateFrameworks/IOPresentment.framework/Versions/A/IOPresentment
0x0000000016079000 	/System/Library/PrivateFrameworks/DSExternalDisplay.framework/Versions/A/DSExternalDisplay
0x0000000016079000 	/System/Library/PrivateFrameworks/DebugSymbols.framework/Versions/A/DebugSymbols
0x0000000016079000 	/System/Library/PrivateFrameworks/CoreSymbolication.framework/Versions/A/CoreSymbolication
0x0000000016079000 	/System/Library/PrivateFrameworks/Symbolication.framework/Versions/A/Symbolication
0x0000000016079000 	/System/Library/PrivateFrameworks/AppleFSCompression.framework/Versions/A/AppleFSCompression
0x0000000016079000 	/System/Library/PrivateFrameworks/SpeechRecognitionCore.framework/Versions/A/SpeechRecognitionCore
0x0000000016079000 	/System/Library/PrivateFrameworks/ChunkingLibrary.framework/Versions/A/ChunkingLibrary
0x0000000055118000 	/System/Library/CoreServices/Encodings/libCyrillicConverter.dylib
0x0000000110000000 	/Library/Java/JavaVirtualMachines/jdk1.8.0_91.jdk/Contents/Home/jre/lib/server/libjvm.dylib
0x0000000016079000 	/usr/lib/libstdc++.6.dylib
0x000000010f44e000 	/Library/Java/JavaVirtualMachines/jdk1.8.0_91.jdk/Contents/Home/jre/lib/libverify.dylib
0x000000010f45c000 	/Library/Java/JavaVirtualMachines/jdk1.8.0_91.jdk/Contents/Home/jre/lib/libjava.dylib
0x000000010f492000 	/Library/Java/JavaVirtualMachines/jdk1.8.0_91.jdk/Contents/Home/jre/lib/libinstrument.dylib
0x000000010f4f0000 	/Library/Java/JavaVirtualMachines/jdk1.8.0_91.jdk/Contents/Home/jre/lib/libzip.dylib
0x000000010f7e3000 	/System/Library/Frameworks/JavaVM.framework/Frameworks/JavaRuntimeSupport.framework/JavaRuntimeSupport
0x000000012410f000 	/System/Library/Frameworks/JavaVM.framework/Versions/A/Frameworks/JavaNativeFoundation.framework/Versions/A/JavaNativeFoundation
0x0000000124124000 	/System/Library/Frameworks/JavaVM.framework/Versions/A/JavaVM
0x0000000016079000 	/System/Library/Frameworks/Carbon.framework/Versions/A/Carbon
0x0000000124131000 	/System/Library/PrivateFrameworks/JavaLaunching.framework/Versions/A/JavaLaunching
0x0000000016079000 	/System/Library/Frameworks/Carbon.framework/Versions/A/Frameworks/CommonPanels.framework/Versions/A/CommonPanels
0x0000000016079000 	/System/Library/Frameworks/Carbon.framework/Versions/A/Frameworks/Help.framework/Versions/A/Help
0x0000000016079000 	/System/Library/Frameworks/Carbon.framework/Versions/A/Frameworks/ImageCapture.framework/Versions/A/ImageCapture
0x0000000016079000 	/System/Library/Frameworks/Carbon.framework/Versions/A/Frameworks/OpenScripting.framework/Versions/A/OpenScripting
0x0000000016079000 	/System/Library/Frameworks/Carbon.framework/Versions/A/Frameworks/Print.framework/Versions/A/Print
0x0000000016079000 	/System/Library/Frameworks/Carbon.framework/Versions/A/Frameworks/SecurityHI.framework/Versions/A/SecurityHI
0x0000000126052000 	/Library/Java/JavaVirtualMachines/jdk1.8.0_91.jdk/Contents/Home/jre/lib/libnet.dylib
0x000000012856e000 	/Library/Java/JavaVirtualMachines/jdk1.8.0_91.jdk/Contents/Home/jre/lib/libnio.dylib
0x0000000128586000 	/Library/Java/JavaVirtualMachines/jdk1.8.0_91.jdk/Contents/Home/jre/lib/libsunec.dylib
0x000000012b640000 	/Users/hugiron/.javacpp/cache/nd4j-native-0.9.1-macosx-x86_64.jar/org/nd4j/nativeblas/macosx-x86_64/libnd4jcpu.dylib
0x0000000128caf000 	/Users/hugiron/.javacpp/cache/nd4j-native-0.9.1-macosx-x86_64.jar/org/nd4j/nativeblas/macosx-x86_64/libjnind4jcpu.dylib
0x000000012c403000 	/Users/hugiron/.javacpp/cache/openblas-0.2.19-1.3-macosx-x86_64.jar/org/bytedeco/javacpp/macosx-x86_64/libopenblas.dylib
0x000000013347d000 	/Users/hugiron/.javacpp/cache/openblas-0.2.19-1.3-macosx-x86_64.jar/org/bytedeco/javacpp/macosx-x86_64/libjniopenblas.dylib

VM Arguments:
jvm_args: -javaagent:/Users/hugiron/Library/Application Support/JetBrains/Toolbox/apps/IDEA-U/ch-0/173.4548.28/IntelliJ IDEA.app/Contents/lib/idea_rt.jar=54177:/Users/hugiron/Library/Application Support/JetBrains/Toolbox/apps/IDEA-U/ch-0/173.4548.28/IntelliJ IDEA.app/Contents/bin -Dfile.encoding=UTF-8 
java_command: com.gifty.AppStarter
java_class_path (initial): /Library/Java/JavaVirtualMachines/jdk1.8.0_91.jdk/Contents/Home/jre/lib/charsets.jar:/Library/Java/JavaVirtualMachines/jdk1.8.0_91.jdk/Contents/Home/jre/lib/deploy.jar:/Library/Java/JavaVirtualMachines/jdk1.8.0_91.jdk/Contents/Home/jre/lib/ext/cldrdata.jar:/Library/Java/JavaVirtualMachines/jdk1.8.0_91.jdk/Contents/Home/jre/lib/ext/dnsns.jar:/Library/Java/JavaVirtualMachines/jdk1.8.0_91.jdk/Contents/Home/jre/lib/ext/jaccess.jar:/Library/Java/JavaVirtualMachines/jdk1.8.0_91.jdk/Contents/Home/jre/lib/ext/jfxrt.jar:/Library/Java/JavaVirtualMachines/jdk1.8.0_91.jdk/Contents/Home/jre/lib/ext/localedata.jar:/Library/Java/JavaVirtualMachines/jdk1.8.0_91.jdk/Contents/Home/jre/lib/ext/nashorn.jar:/Library/Java/JavaVirtualMachines/jdk1.8.0_91.jdk/Contents/Home/jre/lib/ext/sunec.jar:/Library/Java/JavaVirtualMachines/jdk1.8.0_91.jdk/Contents/Home/jre/lib/ext/sunjce_provider.jar:/Library/Java/JavaVirtualMachines/jdk1.8.0_91.jdk/Contents/Home/jre/lib/ext/sunpkcs11.jar:/Library/Java/JavaVirtualMachines/jdk1.8.0_91.jdk/Contents/Home/jre/lib/ext/zipfs.jar:/Library/Java/JavaVirtualMachines/jdk1.8.0_91.jdk/Contents/Home/jre/lib/javaws.jar:/Library/Java/JavaVirtualMachines/jdk1.8.0_91.jdk/Contents/Home/jre/lib/jce.jar:/Library/Java/JavaVirtualMachines/jdk1.8.0_91.jdk/Contents/Home/jre/lib/jfr.jar:/Library/Java/JavaVirtualMachines/jdk1.8.0_91.jdk/Contents/Home/jre/lib/jfxswt.jar:/Library/Java/JavaVirtualMachines/jdk1.8.0_91.jdk/Contents/Home/jre/lib/jsse.jar:/Library/Java/JavaVirtualMachines/jdk1.8.0_91.jdk/Contents/Home/jre/lib/management-agent.jar:/Library/Java/JavaVirtualMachines/jdk1.8.0_91.jdk/Contents/Home/jre/lib/plugin.jar:/Library/Java/JavaVirtualMachines/jdk1.8.0_91.jdk/Contents/Home/jre/lib/resources.jar:/Library/Java/JavaVirtualMachines/jdk1.8.0_91.jdk/Contents/Home/jre/lib/rt.jar:/Library/Java/JavaVirtualMachines/jdk1.8.0_91.jdk/Contents/Home/lib/ant-javafx.jar:/Library/Java/JavaVirtualMachines/jdk1.8.0_91.jdk/Contents/Home/lib/dt.jar:/Library/Ja
Launcher Type: SUN_STANDARD

Environment Variables:
JAVA_HOME=/Library/Java/JavaVirtualMachines/jdk1.8.0_91.jdk/Contents/Home
JRE_HOME=/Library/Java/JavaVirtualMachines/jdk1.8.0_91.jdk/Contents/Home/jre
PATH=/opt/local/bin:/opt/local/sbin:/anaconda/bin:/opt/local/bin:/opt/local/sbin:/opt/mvn/bin:/usr/local/bin:/usr/bin:/bin:/usr/sbin:/sbin:/opt/X11/bin:/usr/local/share/dotnet:/Library/Frameworks/Mono.framework/Versions/Current/Commands:/usr/local/sbin:/usr/local/Cellar/tomcat/8.5.3/bin:/usr/local/bin/scala/bin:/opt/local/bin
SHELL=/bin/bash
DISPLAY=/private/tmp/com.apple.launchd.m5AtuQXEO3/org.macosforge.xquartz:0

Signal Handlers:
SIGSEGV: [libjvm.dylib+0x5a97a1], sa_mask[0]=11111111011111110111111111111111, sa_flags=SA_ONSTACK|SA_RESTART|SA_SIGINFO
SIGBUS: [libjvm.dylib+0x5a97a1], sa_mask[0]=11111111011111110111111111111111, sa_flags=SA_RESTART|SA_SIGINFO
SIGFPE: [libjvm.dylib+0x482594], sa_mask[0]=11111111011111110111111111111111, sa_flags=SA_RESTART|SA_SIGINFO
SIGPIPE: [libjvm.dylib+0x482594], sa_mask[0]=11111111011111110111111111111111, sa_flags=SA_RESTART|SA_SIGINFO
SIGXFSZ: [libjvm.dylib+0x482594], sa_mask[0]=11111111011111110111111111111111, sa_flags=SA_RESTART|SA_SIGINFO
SIGILL: [libjvm.dylib+0x482594], sa_mask[0]=11111111011111110111111111111111, sa_flags=SA_RESTART|SA_SIGINFO
SIGUSR1: SIG_DFL, sa_mask[0]=00000000000000000000000000000000, sa_flags=none
SIGUSR2: [libjvm.dylib+0x4820b2], sa_mask[0]=00100000000000000000000000000000, sa_flags=SA_RESTART|SA_SIGINFO
SIGHUP: [libjvm.dylib+0x480689], sa_mask[0]=11111111011111110111111111111111, sa_flags=SA_RESTART|SA_SIGINFO
SIGINT: [libjvm.dylib+0x480689], sa_mask[0]=11111111011111110111111111111111, sa_flags=SA_RESTART|SA_SIGINFO
SIGTERM: [libjvm.dylib+0x480689], sa_mask[0]=11111111011111110111111111111111, sa_flags=SA_RESTART|SA_SIGINFO
SIGQUIT: [libjvm.dylib+0x480689], sa_mask[0]=11111111011111110111111111111111, sa_flags=SA_RESTART|SA_SIGINFO


---------------  S Y S T E M  ---------------

OS:Bsduname:Darwin 16.7.0 Darwin Kernel Version 16.7.0: Wed Oct  4 00:17:00 PDT 2017; root:xnu-3789.71.6~1/RELEASE_X86_64 x86_64
rlimit: STACK 8192k, CORE 0k, NPROC 709, NOFILE 10240, AS infinity
load average:9.44 9.26 9.11

CPU:total 4 (2 cores per cpu, 2 threads per core) family 6 model 61 stepping 4, cmov, cx8, fxsr, mmx, sse, sse2, sse3, ssse3, sse4.1, sse4.2, popcnt, avx, avx2, aes, clmul, erms, 3dnowpref, lzcnt, ht, tsc, tscinvbit, bmi1, bmi2, adx

Memory: 4k page, physical 4194304k(20716k free)

/proc/meminfo:


vm_info: Java HotSpot(TM) 64-Bit Server VM (25.91-b14) for bsd-amd64 JRE (1.8.0_91-b14), built on Apr  1 2016 01:03:00 by "java_re" with gcc 4.2.1 (Based on Apple Inc. build 5658) (LLVM build 2336.11.00)

time: Sat Mar  3 17:25:47 2018
elapsed time: 32 seconds (0d 0h 0m 32s)

